CRITICAL - 2022-12-21 14:37:26 --> date(): Argument #2 ($timestamp) must be of type ?int, string given
in APPPATH\Controllers\Inicio.php on line 32.
 1 APPPATH\Controllers\Inicio.php(32): date('w', '2022-12-21')
 2 SYSTEMPATH\CodeIgniter.php(927): App\Controllers\Inicio->index()
 3 SYSTEMPATH\CodeIgniter.php(482): CodeIgniter\CodeIgniter->runController(Object(App\Controllers\Inicio))
 4 SYSTEMPATH\CodeIgniter.php(351): CodeIgniter\CodeIgniter->handleRequest(null, Object(Config\Cache), false)
 5 FCPATH\index.php(67): CodeIgniter\CodeIgniter->run()
CRITICAL - 2022-12-21 14:41:58 --> Undefined array key "ventasDomingo"
in APPPATH\Views\inicio.php on line 57.
 1 APPPATH\Views\inicio.php(57): CodeIgniter\Debug\Exceptions->errorHandler(2, 'Undefined array key "ventasDomingo"', 'APPPATH\\Views\\inicio.php', 57)
 2 SYSTEMPATH\View\View.php(213): include('APPPATH\\Views\\inicio.php')
 3 SYSTEMPATH\View\View.php(216): CodeIgniter\View\View->CodeIgniter\View\{closure}()
 4 SYSTEMPATH\Common.php(1134): CodeIgniter\View\View->render('inicio', [], true)
 5 APPPATH\Controllers\Inicio.php(47): view('inicio', [...])
 6 SYSTEMPATH\CodeIgniter.php(927): App\Controllers\Inicio->index()
 7 SYSTEMPATH\CodeIgniter.php(482): CodeIgniter\CodeIgniter->runController(Object(App\Controllers\Inicio))
 8 SYSTEMPATH\CodeIgniter.php(351): CodeIgniter\CodeIgniter->handleRequest(null, Object(Config\Cache), false)
 9 FCPATH\index.php(67): CodeIgniter\CodeIgniter->run()
CRITICAL - 2022-12-21 14:42:48 --> Undefined array key "ventasDomingo"
in APPPATH\Views\inicio.php on line 57.
 1 APPPATH\Views\inicio.php(57): CodeIgniter\Debug\Exceptions->errorHandler(2, 'Undefined array key "ventasDomingo"', 'APPPATH\\Views\\inicio.php', 57)
 2 SYSTEMPATH\View\View.php(213): include('APPPATH\\Views\\inicio.php')
 3 SYSTEMPATH\View\View.php(216): CodeIgniter\View\View->CodeIgniter\View\{closure}()
 4 SYSTEMPATH\Common.php(1134): CodeIgniter\View\View->render('inicio', [], true)
 5 APPPATH\Controllers\Inicio.php(43): view('inicio', [...])
 6 SYSTEMPATH\CodeIgniter.php(927): App\Controllers\Inicio->index()
 7 SYSTEMPATH\CodeIgniter.php(482): CodeIgniter\CodeIgniter->runController(Object(App\Controllers\Inicio))
 8 SYSTEMPATH\CodeIgniter.php(351): CodeIgniter\CodeIgniter->handleRequest(null, Object(Config\Cache), false)
 9 FCPATH\index.php(67): CodeIgniter\CodeIgniter->run()
CRITICAL - 2022-12-21 15:55:10 --> Undefined variable $ventasDomingo
in APPPATH\Controllers\Inicio.php on line 56.
 1 APPPATH\Controllers\Inicio.php(56): CodeIgniter\Debug\Exceptions->errorHandler(2, 'Undefined variable $ventasDomingo', 'APPPATH\\Controllers\\Inicio.php', 56)
 2 SYSTEMPATH\CodeIgniter.php(927): App\Controllers\Inicio->index()
 3 SYSTEMPATH\CodeIgniter.php(482): CodeIgniter\CodeIgniter->runController(Object(App\Controllers\Inicio))
 4 SYSTEMPATH\CodeIgniter.php(351): CodeIgniter\CodeIgniter->handleRequest(null, Object(Config\Cache), false)
 5 FCPATH\index.php(67): CodeIgniter\CodeIgniter->run()
CRITICAL - 2022-12-21 15:57:33 --> Undefined variable $ventasDomingo
in APPPATH\Controllers\Inicio.php on line 56.
 1 APPPATH\Controllers\Inicio.php(56): CodeIgniter\Debug\Exceptions->errorHandler(2, 'Undefined variable $ventasDomingo', 'APPPATH\\Controllers\\Inicio.php', 56)
 2 SYSTEMPATH\CodeIgniter.php(927): App\Controllers\Inicio->index()
 3 SYSTEMPATH\CodeIgniter.php(482): CodeIgniter\CodeIgniter->runController(Object(App\Controllers\Inicio))
 4 SYSTEMPATH\CodeIgniter.php(351): CodeIgniter\CodeIgniter->handleRequest(null, Object(Config\Cache), false)
 5 FCPATH\index.php(67): CodeIgniter\CodeIgniter->run()
CRITICAL - 2022-12-21 16:03:27 --> Undefined array key "ventasviernes"
in APPPATH\Views\inicio.php on line 57.
 1 APPPATH\Views\inicio.php(57): CodeIgniter\Debug\Exceptions->errorHandler(2, 'Undefined array key "ventasviernes"', 'APPPATH\\Views\\inicio.php', 57)
 2 SYSTEMPATH\View\View.php(213): include('APPPATH\\Views\\inicio.php')
 3 SYSTEMPATH\View\View.php(216): CodeIgniter\View\View->CodeIgniter\View\{closure}()
 4 SYSTEMPATH\Common.php(1134): CodeIgniter\View\View->render('inicio', [], true)
 5 APPPATH\Controllers\Inicio.php(46): view('inicio', [...])
 6 SYSTEMPATH\CodeIgniter.php(927): App\Controllers\Inicio->index()
 7 SYSTEMPATH\CodeIgniter.php(482): CodeIgniter\CodeIgniter->runController(Object(App\Controllers\Inicio))
 8 SYSTEMPATH\CodeIgniter.php(351): CodeIgniter\CodeIgniter->handleRequest(null, Object(Config\Cache), false)
 9 FCPATH\index.php(67): CodeIgniter\CodeIgniter->run()
CRITICAL - 2022-12-21 16:37:24 --> Array to string conversion
in APPPATH\Views\inicio.php on line 57.
 1 APPPATH\Views\inicio.php(57): CodeIgniter\Debug\Exceptions->errorHandler(2, 'Array to string conversion', 'APPPATH\\Views\\inicio.php', 57)
 2 SYSTEMPATH\View\View.php(213): include('APPPATH\\Views\\inicio.php')
 3 SYSTEMPATH\View\View.php(216): CodeIgniter\View\View->CodeIgniter\View\{closure}()
 4 SYSTEMPATH\Common.php(1134): CodeIgniter\View\View->render('inicio', [], true)
 5 APPPATH\Controllers\Inicio.php(47): view('inicio', [...])
 6 SYSTEMPATH\CodeIgniter.php(927): App\Controllers\Inicio->index()
 7 SYSTEMPATH\CodeIgniter.php(482): CodeIgniter\CodeIgniter->runController(Object(App\Controllers\Inicio))
 8 SYSTEMPATH\CodeIgniter.php(351): CodeIgniter\CodeIgniter->handleRequest(null, Object(Config\Cache), false)
 9 FCPATH\index.php(67): CodeIgniter\CodeIgniter->run()
CRITICAL - 2022-12-21 16:38:48 --> syntax error, unexpected variable "$numVentasSemana"
in APPPATH\Controllers\Inicio.php on line 34.
 1 SYSTEMPATH\Router\Router.php(499): CodeIgniter\Router\AutoRouter->getRoute('inicio')
 2 SYSTEMPATH\Router\Router.php(205): CodeIgniter\Router\Router->autoRoute('inicio')
 3 SYSTEMPATH\CodeIgniter.php(802): CodeIgniter\Router\Router->handle('inicio')
 4 SYSTEMPATH\CodeIgniter.php(430): CodeIgniter\CodeIgniter->tryToRouteIt(Object(CodeIgniter\Router\RouteCollection))
 5 SYSTEMPATH\CodeIgniter.php(351): CodeIgniter\CodeIgniter->handleRequest(null, Object(Config\Cache), false)
 6 FCPATH\index.php(67): CodeIgniter\CodeIgniter->run()
CRITICAL - 2022-12-21 16:39:07 --> syntax error, unexpected variable "$numVentasSemana"
in APPPATH\Controllers\Inicio.php on line 34.
 1 SYSTEMPATH\Router\Router.php(499): CodeIgniter\Router\AutoRouter->getRoute('inicio')
 2 SYSTEMPATH\Router\Router.php(205): CodeIgniter\Router\Router->autoRoute('inicio')
 3 SYSTEMPATH\CodeIgniter.php(802): CodeIgniter\Router\Router->handle('inicio')
 4 SYSTEMPATH\CodeIgniter.php(430): CodeIgniter\CodeIgniter->tryToRouteIt(Object(CodeIgniter\Router\RouteCollection))
 5 SYSTEMPATH\CodeIgniter.php(351): CodeIgniter\CodeIgniter->handleRequest(null, Object(Config\Cache), false)
 6 FCPATH\index.php(67): CodeIgniter\CodeIgniter->run()
CRITICAL - 2022-12-21 16:39:39 --> Undefined array key "ventasDomingo"
in APPPATH\Views\inicio.php on line 57.
 1 APPPATH\Views\inicio.php(57): CodeIgniter\Debug\Exceptions->errorHandler(2, 'Undefined array key "ventasDomingo"', 'APPPATH\\Views\\inicio.php', 57)
 2 SYSTEMPATH\View\View.php(213): include('APPPATH\\Views\\inicio.php')
 3 SYSTEMPATH\View\View.php(216): CodeIgniter\View\View->CodeIgniter\View\{closure}()
 4 SYSTEMPATH\Common.php(1134): CodeIgniter\View\View->render('inicio', [], true)
 5 APPPATH\Controllers\Inicio.php(38): view('inicio', [...])
 6 SYSTEMPATH\CodeIgniter.php(927): App\Controllers\Inicio->index()
 7 SYSTEMPATH\CodeIgniter.php(482): CodeIgniter\CodeIgniter->runController(Object(App\Controllers\Inicio))
 8 SYSTEMPATH\CodeIgniter.php(351): CodeIgniter\CodeIgniter->handleRequest(null, Object(Config\Cache), false)
 9 FCPATH\index.php(67): CodeIgniter\CodeIgniter->run()
CRITICAL - 2022-12-21 16:40:34 --> Undefined array key "ventasDomingo"
in APPPATH\Views\inicio.php on line 57.
 1 APPPATH\Views\inicio.php(57): CodeIgniter\Debug\Exceptions->errorHandler(2, 'Undefined array key "ventasDomingo"', 'APPPATH\\Views\\inicio.php', 57)
 2 SYSTEMPATH\View\View.php(213): include('APPPATH\\Views\\inicio.php')
 3 SYSTEMPATH\View\View.php(216): CodeIgniter\View\View->CodeIgniter\View\{closure}()
 4 SYSTEMPATH\Common.php(1134): CodeIgniter\View\View->render('inicio', [], true)
 5 APPPATH\Controllers\Inicio.php(38): view('inicio', [...])
 6 SYSTEMPATH\CodeIgniter.php(927): App\Controllers\Inicio->index()
 7 SYSTEMPATH\CodeIgniter.php(482): CodeIgniter\CodeIgniter->runController(Object(App\Controllers\Inicio))
 8 SYSTEMPATH\CodeIgniter.php(351): CodeIgniter\CodeIgniter->handleRequest(null, Object(Config\Cache), false)
 9 FCPATH\index.php(67): CodeIgniter\CodeIgniter->run()
CRITICAL - 2022-12-21 16:50:46 --> Undefined array key "ventasMar"
in APPPATH\Views\inicio.php on line 50.
 1 APPPATH\Views\inicio.php(50): CodeIgniter\Debug\Exceptions->errorHandler(2, 'Undefined array key "ventasMar"', 'APPPATH\\Views\\inicio.php', 50)
 2 SYSTEMPATH\View\View.php(213): include('APPPATH\\Views\\inicio.php')
 3 SYSTEMPATH\View\View.php(216): CodeIgniter\View\View->CodeIgniter\View\{closure}()
 4 SYSTEMPATH\Common.php(1134): CodeIgniter\View\View->render('inicio', [], true)
 5 APPPATH\Controllers\Inicio.php(37): view('inicio', [...])
 6 SYSTEMPATH\CodeIgniter.php(927): App\Controllers\Inicio->index()
 7 SYSTEMPATH\CodeIgniter.php(482): CodeIgniter\CodeIgniter->runController(Object(App\Controllers\Inicio))
 8 SYSTEMPATH\CodeIgniter.php(351): CodeIgniter\CodeIgniter->handleRequest(null, Object(Config\Cache), false)
 9 FCPATH\index.php(67): CodeIgniter\CodeIgniter->run()
