ERROR - 2022-12-25 20:26:32 --> mysqli_sql_exception: You have an error in your SQL syntax; check the manual that corresponds to your MariaDB server version for the right syntax to use near '0' at line 3 in C:\xampp\htdocs\pos\system\Database\MySQLi\Connection.php:292
Stack trace:
#0 C:\xampp\htdocs\pos\system\Database\MySQLi\Connection.php(292): mysqli->query('SELECT COUNT(*)...', 0)
#1 C:\xampp\htdocs\pos\system\Database\BaseConnection.php(666): CodeIgniter\Database\MySQLi\Connection->execute('SELECT COUNT(*)...')
#2 C:\xampp\htdocs\pos\system\Database\BaseConnection.php(593): CodeIgniter\Database\BaseConnection->simpleQuery('SELECT COUNT(*)...')
#3 C:\xampp\htdocs\pos\system\Database\BaseBuilder.php(1669): CodeIgniter\Database\BaseConnection->query('SELECT COUNT(*)...', Array, false)
#4 C:\xampp\htdocs\pos\system\Model.php(551): CodeIgniter\Database\BaseBuilder->countAllResults(true)
#5 C:\xampp\htdocs\pos\app\Models\VentasModel.php(65): CodeIgniter\Model->countAllResults()
#6 C:\xampp\htdocs\pos\app\Controllers\Inicio.php(34): App\Models\VentasModel->numVentas('51')
#7 C:\xampp\htdocs\pos\system\CodeIgniter.php(927): App\Controllers\Inicio->index()
#8 C:\xampp\htdocs\pos\system\CodeIgniter.php(482): CodeIgniter\CodeIgniter->runController(Object(App\Controllers\Inicio))
#9 C:\xampp\htdocs\pos\system\CodeIgniter.php(351): CodeIgniter\CodeIgniter->handleRequest(NULL, Object(Config\Cache), false)
#10 C:\xampp\htdocs\pos\public\index.php(67): CodeIgniter\CodeIgniter->run()
#11 {main}
CRITICAL - 2022-12-25 20:26:32 --> You have an error in your SQL syntax; check the manual that corresponds to your MariaDB server version for the right syntax to use near '0' at line 3
in SYSTEMPATH\Database\MySQLi\Connection.php on line 292.
 1 SYSTEMPATH\Database\MySQLi\Connection.php(292): mysqli->query('SELECT COUNT(*) AS `numrows`
FROM `ventas`
WHERE `activo` = 1 AND `venta_dia` = \'51\'0', 0)
 2 SYSTEMPATH\Database\BaseConnection.php(666): CodeIgniter\Database\MySQLi\Connection->execute('SELECT COUNT(*) AS `numrows`
FROM `ventas`
WHERE `activo` = 1 AND `venta_dia` = \'51\'0')
 3 SYSTEMPATH\Database\BaseConnection.php(593): CodeIgniter\Database\BaseConnection->simpleQuery('SELECT COUNT(*) AS `numrows`
FROM `ventas`
WHERE `activo` = 1 AND `venta_dia` = \'51\'0')
 4 SYSTEMPATH\Database\BaseBuilder.php(1669): CodeIgniter\Database\BaseConnection->query('SELECT COUNT(*) AS `numrows`
FROM `ventas`
WHERE `activo` = 1 AND `venta_dia` = \'51\'0', [], false)
 5 SYSTEMPATH\Model.php(551): CodeIgniter\Database\BaseBuilder->countAllResults(true)
 6 APPPATH\Models\VentasModel.php(65): CodeIgniter\Model->countAllResults()
 7 APPPATH\Controllers\Inicio.php(34): App\Models\VentasModel->numVentas('51')
 8 SYSTEMPATH\CodeIgniter.php(927): App\Controllers\Inicio->index()
 9 SYSTEMPATH\CodeIgniter.php(482): CodeIgniter\CodeIgniter->runController(Object(App\Controllers\Inicio))
10 SYSTEMPATH\CodeIgniter.php(351): CodeIgniter\CodeIgniter->handleRequest(null, Object(Config\Cache), false)
11 FCPATH\index.php(67): CodeIgniter\CodeIgniter->run()
ERROR - 2022-12-25 20:32:11 --> mysqli_sql_exception: You have an error in your SQL syntax; check the manual that corresponds to your MariaDB server version for the right syntax to use near '.1' at line 3 in C:\xampp\htdocs\pos\system\Database\MySQLi\Connection.php:292
Stack trace:
#0 C:\xampp\htdocs\pos\system\Database\MySQLi\Connection.php(292): mysqli->query('SELECT COUNT(*)...', 0)
#1 C:\xampp\htdocs\pos\system\Database\BaseConnection.php(666): CodeIgniter\Database\MySQLi\Connection->execute('SELECT COUNT(*)...')
#2 C:\xampp\htdocs\pos\system\Database\BaseConnection.php(593): CodeIgniter\Database\BaseConnection->simpleQuery('SELECT COUNT(*)...')
#3 C:\xampp\htdocs\pos\system\Database\BaseBuilder.php(1669): CodeIgniter\Database\BaseConnection->query('SELECT COUNT(*)...', Array, false)
#4 C:\xampp\htdocs\pos\system\Model.php(551): CodeIgniter\Database\BaseBuilder->countAllResults(true)
#5 C:\xampp\htdocs\pos\app\Models\VentasModel.php(67): CodeIgniter\Model->countAllResults()
#6 C:\xampp\htdocs\pos\app\Controllers\Inicio.php(34): App\Models\VentasModel->numVentas('51')
#7 C:\xampp\htdocs\pos\system\CodeIgniter.php(927): App\Controllers\Inicio->index()
#8 C:\xampp\htdocs\pos\system\CodeIgniter.php(482): CodeIgniter\CodeIgniter->runController(Object(App\Controllers\Inicio))
#9 C:\xampp\htdocs\pos\system\CodeIgniter.php(351): CodeIgniter\CodeIgniter->handleRequest(NULL, Object(Config\Cache), false)
#10 C:\xampp\htdocs\pos\public\index.php(67): CodeIgniter\CodeIgniter->run()
#11 {main}
CRITICAL - 2022-12-25 20:32:11 --> You have an error in your SQL syntax; check the manual that corresponds to your MariaDB server version for the right syntax to use near '.1' at line 3
in SYSTEMPATH\Database\MySQLi\Connection.php on line 292.
 1 SYSTEMPATH\Database\MySQLi\Connection.php(292): mysqli->query('SELECT COUNT(*) AS `numrows`
FROM `ventas`
WHERE `activo` = 1 AND `venta_dia` = \'510\'.1', 0)
 2 SYSTEMPATH\Database\BaseConnection.php(666): CodeIgniter\Database\MySQLi\Connection->execute('SELECT COUNT(*) AS `numrows`
FROM `ventas`
WHERE `activo` = 1 AND `venta_dia` = \'510\'.1')
 3 SYSTEMPATH\Database\BaseConnection.php(593): CodeIgniter\Database\BaseConnection->simpleQuery('SELECT COUNT(*) AS `numrows`
FROM `ventas`
WHERE `activo` = 1 AND `venta_dia` = \'510\'.1')
 4 SYSTEMPATH\Database\BaseBuilder.php(1669): CodeIgniter\Database\BaseConnection->query('SELECT COUNT(*) AS `numrows`
FROM `ventas`
WHERE `activo` = 1 AND `venta_dia` = \'510\'.1', [], false)
 5 SYSTEMPATH\Model.php(551): CodeIgniter\Database\BaseBuilder->countAllResults(true)
 6 APPPATH\Models\VentasModel.php(67): CodeIgniter\Model->countAllResults()
 7 APPPATH\Controllers\Inicio.php(34): App\Models\VentasModel->numVentas('51')
 8 SYSTEMPATH\CodeIgniter.php(927): App\Controllers\Inicio->index()
 9 SYSTEMPATH\CodeIgniter.php(482): CodeIgniter\CodeIgniter->runController(Object(App\Controllers\Inicio))
10 SYSTEMPATH\CodeIgniter.php(351): CodeIgniter\CodeIgniter->handleRequest(null, Object(Config\Cache), false)
11 FCPATH\index.php(67): CodeIgniter\CodeIgniter->run()
ERROR - 2022-12-25 20:32:18 --> mysqli_sql_exception: You have an error in your SQL syntax; check the manual that corresponds to your MariaDB server version for the right syntax to use near '.1' at line 3 in C:\xampp\htdocs\pos\system\Database\MySQLi\Connection.php:292
Stack trace:
#0 C:\xampp\htdocs\pos\system\Database\MySQLi\Connection.php(292): mysqli->query('SELECT COUNT(*)...', 0)
#1 C:\xampp\htdocs\pos\system\Database\BaseConnection.php(666): CodeIgniter\Database\MySQLi\Connection->execute('SELECT COUNT(*)...')
#2 C:\xampp\htdocs\pos\system\Database\BaseConnection.php(593): CodeIgniter\Database\BaseConnection->simpleQuery('SELECT COUNT(*)...')
#3 C:\xampp\htdocs\pos\system\Database\BaseBuilder.php(1669): CodeIgniter\Database\BaseConnection->query('SELECT COUNT(*)...', Array, false)
#4 C:\xampp\htdocs\pos\system\Model.php(551): CodeIgniter\Database\BaseBuilder->countAllResults(true)
#5 C:\xampp\htdocs\pos\app\Models\VentasModel.php(67): CodeIgniter\Model->countAllResults()
#6 C:\xampp\htdocs\pos\app\Controllers\Inicio.php(34): App\Models\VentasModel->numVentas('51')
#7 C:\xampp\htdocs\pos\system\CodeIgniter.php(927): App\Controllers\Inicio->index()
#8 C:\xampp\htdocs\pos\system\CodeIgniter.php(482): CodeIgniter\CodeIgniter->runController(Object(App\Controllers\Inicio))
#9 C:\xampp\htdocs\pos\system\CodeIgniter.php(351): CodeIgniter\CodeIgniter->handleRequest(NULL, Object(Config\Cache), false)
#10 C:\xampp\htdocs\pos\public\index.php(67): CodeIgniter\CodeIgniter->run()
#11 {main}
CRITICAL - 2022-12-25 20:32:18 --> You have an error in your SQL syntax; check the manual that corresponds to your MariaDB server version for the right syntax to use near '.1' at line 3
in SYSTEMPATH\Database\MySQLi\Connection.php on line 292.
 1 SYSTEMPATH\Database\MySQLi\Connection.php(292): mysqli->query('SELECT COUNT(*) AS `numrows`
FROM `ventas`
WHERE `activo` = 1 AND `venta_dia` = \'510\'.1', 0)
 2 SYSTEMPATH\Database\BaseConnection.php(666): CodeIgniter\Database\MySQLi\Connection->execute('SELECT COUNT(*) AS `numrows`
FROM `ventas`
WHERE `activo` = 1 AND `venta_dia` = \'510\'.1')
 3 SYSTEMPATH\Database\BaseConnection.php(593): CodeIgniter\Database\BaseConnection->simpleQuery('SELECT COUNT(*) AS `numrows`
FROM `ventas`
WHERE `activo` = 1 AND `venta_dia` = \'510\'.1')
 4 SYSTEMPATH\Database\BaseBuilder.php(1669): CodeIgniter\Database\BaseConnection->query('SELECT COUNT(*) AS `numrows`
FROM `ventas`
WHERE `activo` = 1 AND `venta_dia` = \'510\'.1', [], false)
 5 SYSTEMPATH\Model.php(551): CodeIgniter\Database\BaseBuilder->countAllResults(true)
 6 APPPATH\Models\VentasModel.php(67): CodeIgniter\Model->countAllResults()
 7 APPPATH\Controllers\Inicio.php(34): App\Models\VentasModel->numVentas('51')
 8 SYSTEMPATH\CodeIgniter.php(927): App\Controllers\Inicio->index()
 9 SYSTEMPATH\CodeIgniter.php(482): CodeIgniter\CodeIgniter->runController(Object(App\Controllers\Inicio))
10 SYSTEMPATH\CodeIgniter.php(351): CodeIgniter\CodeIgniter->handleRequest(null, Object(Config\Cache), false)
11 FCPATH\index.php(67): CodeIgniter\CodeIgniter->run()
