CRITICAL - 2022-11-24 13:48:34 --> Undefined array key "nombre_corto"
in APPPATH\Views\cajas\editar.php on line 21.
 1 APPPATH\Views\cajas\editar.php(21): CodeIgniter\Debug\Exceptions->errorHandler(2, 'Undefined array key "nombre_corto"', 'APPPATH\\Views\\cajas\\editar.php', 21)
 2 SYSTEMPATH\View\View.php(213): include('APPPATH\\Views\\cajas\\editar.php')
 3 SYSTEMPATH\View\View.php(216): CodeIgniter\View\View->CodeIgniter\View\{closure}()
 4 SYSTEMPATH\Common.php(1134): CodeIgniter\View\View->render('cajas/editar', [], true)
 5 APPPATH\Controllers\Cajas.php(82): view('cajas/editar', [...])
 6 SYSTEMPATH\CodeIgniter.php(927): App\Controllers\Cajas->editar('2')
 7 SYSTEMPATH\CodeIgniter.php(482): CodeIgniter\CodeIgniter->runController(Object(App\Controllers\Cajas))
 8 SYSTEMPATH\CodeIgniter.php(351): CodeIgniter\CodeIgniter->handleRequest(null, Object(Config\Cache), false)
 9 FCPATH\index.php(67): CodeIgniter\CodeIgniter->run()
CRITICAL - 2022-11-24 14:27:50 --> Uninitialized string offset 45
in APPPATH\Views\cajas\editar.php on line 27.
 1 APPPATH\Views\cajas\editar.php(27): CodeIgniter\Debug\Exceptions->errorHandler(2, 'Uninitialized string offset 45', 'APPPATH\\Views\\cajas\\editar.php', 27)
 2 SYSTEMPATH\View\View.php(213): include('APPPATH\\Views\\cajas\\editar.php')
 3 SYSTEMPATH\View\View.php(216): CodeIgniter\View\View->CodeIgniter\View\{closure}()
 4 SYSTEMPATH\Common.php(1134): CodeIgniter\View\View->render('cajas/editar', [], true)
 5 APPPATH\Controllers\Cajas.php(96): view('cajas/editar', [...])
 6 SYSTEMPATH\CodeIgniter.php(927): App\Controllers\Cajas->editar('2')
 7 SYSTEMPATH\CodeIgniter.php(482): CodeIgniter\CodeIgniter->runController(Object(App\Controllers\Cajas))
 8 SYSTEMPATH\CodeIgniter.php(351): CodeIgniter\CodeIgniter->handleRequest(null, Object(Config\Cache), false)
 9 FCPATH\index.php(67): CodeIgniter\CodeIgniter->run()
CRITICAL - 2022-11-24 14:33:38 --> Array to string conversion
in APPPATH\Views\cajas\editar.php on line 27.
 1 APPPATH\Views\cajas\editar.php(27): CodeIgniter\Debug\Exceptions->errorHandler(2, 'Array to string conversion', 'APPPATH\\Views\\cajas\\editar.php', 27)
 2 SYSTEMPATH\View\View.php(213): include('APPPATH\\Views\\cajas\\editar.php')
 3 SYSTEMPATH\View\View.php(216): CodeIgniter\View\View->CodeIgniter\View\{closure}()
 4 SYSTEMPATH\Common.php(1134): CodeIgniter\View\View->render('cajas/editar', [], true)
 5 APPPATH\Controllers\Cajas.php(96): view('cajas/editar', [...])
 6 SYSTEMPATH\CodeIgniter.php(927): App\Controllers\Cajas->editar('2')
 7 SYSTEMPATH\CodeIgniter.php(482): CodeIgniter\CodeIgniter->runController(Object(App\Controllers\Cajas))
 8 SYSTEMPATH\CodeIgniter.php(351): CodeIgniter\CodeIgniter->handleRequest(null, Object(Config\Cache), false)
 9 FCPATH\index.php(67): CodeIgniter\CodeIgniter->run()
CRITICAL - 2022-11-24 14:45:37 --> Undefined property: CodeIgniter\View\View::$request
in APPPATH\Views\cajas\editar.php on line 17.
 1 APPPATH\Views\cajas\editar.php(17): CodeIgniter\Debug\Exceptions->errorHandler(2, 'Undefined property: CodeIgniter\\View\\View::$request', 'APPPATH\\Views\\cajas\\editar.php', 17)
 2 SYSTEMPATH\View\View.php(213): include('APPPATH\\Views\\cajas\\editar.php')
 3 SYSTEMPATH\View\View.php(216): CodeIgniter\View\View->CodeIgniter\View\{closure}()
 4 SYSTEMPATH\Common.php(1134): CodeIgniter\View\View->render('cajas/editar', [], true)
 5 APPPATH\Controllers\Cajas.php(96): view('cajas/editar', [...])
 6 SYSTEMPATH\CodeIgniter.php(927): App\Controllers\Cajas->editar('2')
 7 SYSTEMPATH\CodeIgniter.php(482): CodeIgniter\CodeIgniter->runController(Object(App\Controllers\Cajas))
 8 SYSTEMPATH\CodeIgniter.php(351): CodeIgniter\CodeIgniter->handleRequest(null, Object(Config\Cache), false)
 9 FCPATH\index.php(67): CodeIgniter\CodeIgniter->run()
CRITICAL - 2022-11-24 14:49:35 --> Undefined array key "numero_caja"
in APPPATH\Views\cajas\editar.php on line 21.
 1 APPPATH\Views\cajas\editar.php(21): CodeIgniter\Debug\Exceptions->errorHandler(2, 'Undefined array key "numero_caja"', 'APPPATH\\Views\\cajas\\editar.php', 21)
 2 SYSTEMPATH\View\View.php(213): include('APPPATH\\Views\\cajas\\editar.php')
 3 SYSTEMPATH\View\View.php(216): CodeIgniter\View\View->CodeIgniter\View\{closure}()
 4 SYSTEMPATH\Common.php(1134): CodeIgniter\View\View->render('cajas/editar', [], true)
 5 APPPATH\Controllers\Cajas.php(96): view('cajas/editar', [...])
 6 SYSTEMPATH\CodeIgniter.php(927): App\Controllers\Cajas->editar('2')
 7 SYSTEMPATH\CodeIgniter.php(482): CodeIgniter\CodeIgniter->runController(Object(App\Controllers\Cajas))
 8 SYSTEMPATH\CodeIgniter.php(351): CodeIgniter\CodeIgniter->handleRequest(null, Object(Config\Cache), false)
 9 FCPATH\index.php(67): CodeIgniter\CodeIgniter->run()
CRITICAL - 2022-11-24 14:51:38 --> Undefined array key "numero_caja"
in APPPATH\Views\cajas\editar.php on line 17.
 1 APPPATH\Views\cajas\editar.php(17): CodeIgniter\Debug\Exceptions->errorHandler(2, 'Undefined array key "numero_caja"', 'APPPATH\\Views\\cajas\\editar.php', 17)
 2 SYSTEMPATH\View\View.php(213): include('APPPATH\\Views\\cajas\\editar.php')
 3 SYSTEMPATH\View\View.php(216): CodeIgniter\View\View->CodeIgniter\View\{closure}()
 4 SYSTEMPATH\Common.php(1134): CodeIgniter\View\View->render('cajas/editar', [], true)
 5 APPPATH\Controllers\Cajas.php(96): view('cajas/editar', [...])
 6 SYSTEMPATH\CodeIgniter.php(927): App\Controllers\Cajas->editar('2')
 7 SYSTEMPATH\CodeIgniter.php(482): CodeIgniter\CodeIgniter->runController(Object(App\Controllers\Cajas))
 8 SYSTEMPATH\CodeIgniter.php(351): CodeIgniter\CodeIgniter->handleRequest(null, Object(Config\Cache), false)
 9 FCPATH\index.php(67): CodeIgniter\CodeIgniter->run()
CRITICAL - 2022-11-24 14:55:01 --> Array callback must have exactly two elements
in APPPATH\Views\cajas\editar.php on line 20.
 1 SYSTEMPATH\View\View.php(213): include()
 2 SYSTEMPATH\View\View.php(216): CodeIgniter\View\View->CodeIgniter\View\{closure}()
 3 SYSTEMPATH\Common.php(1134): CodeIgniter\View\View->render('cajas/editar', [], true)
 4 APPPATH\Controllers\Cajas.php(96): view('cajas/editar', [...])
 5 SYSTEMPATH\CodeIgniter.php(927): App\Controllers\Cajas->editar('2')
 6 SYSTEMPATH\CodeIgniter.php(482): CodeIgniter\CodeIgniter->runController(Object(App\Controllers\Cajas))
 7 SYSTEMPATH\CodeIgniter.php(351): CodeIgniter\CodeIgniter->handleRequest(null, Object(Config\Cache), false)
 8 FCPATH\index.php(67): CodeIgniter\CodeIgniter->run()
CRITICAL - 2022-11-24 14:57:43 --> Undefined variable $ante
in APPPATH\Views\cajas\editar.php on line 20.
 1 APPPATH\Views\cajas\editar.php(20): CodeIgniter\Debug\Exceptions->errorHandler(2, 'Undefined variable $ante', 'APPPATH\\Views\\cajas\\editar.php', 20)
 2 SYSTEMPATH\View\View.php(213): include('APPPATH\\Views\\cajas\\editar.php')
 3 SYSTEMPATH\View\View.php(216): CodeIgniter\View\View->CodeIgniter\View\{closure}()
 4 SYSTEMPATH\Common.php(1134): CodeIgniter\View\View->render('cajas/editar', [], true)
 5 APPPATH\Controllers\Cajas.php(97): view('cajas/editar', [...])
 6 SYSTEMPATH\CodeIgniter.php(927): App\Controllers\Cajas->editar('2')
 7 SYSTEMPATH\CodeIgniter.php(482): CodeIgniter\CodeIgniter->runController(Object(App\Controllers\Cajas))
 8 SYSTEMPATH\CodeIgniter.php(351): CodeIgniter\CodeIgniter->handleRequest(null, Object(Config\Cache), false)
 9 FCPATH\index.php(67): CodeIgniter\CodeIgniter->run()
CRITICAL - 2022-11-24 14:58:02 --> Undefined variable $ante
in APPPATH\Views\cajas\editar.php on line 20.
 1 APPPATH\Views\cajas\editar.php(20): CodeIgniter\Debug\Exceptions->errorHandler(2, 'Undefined variable $ante', 'APPPATH\\Views\\cajas\\editar.php', 20)
 2 SYSTEMPATH\View\View.php(213): include('APPPATH\\Views\\cajas\\editar.php')
 3 SYSTEMPATH\View\View.php(216): CodeIgniter\View\View->CodeIgniter\View\{closure}()
 4 SYSTEMPATH\Common.php(1134): CodeIgniter\View\View->render('cajas/editar', [], true)
 5 APPPATH\Controllers\Cajas.php(97): view('cajas/editar', [...])
 6 SYSTEMPATH\CodeIgniter.php(927): App\Controllers\Cajas->editar('2')
 7 SYSTEMPATH\CodeIgniter.php(482): CodeIgniter\CodeIgniter->runController(Object(App\Controllers\Cajas))
 8 SYSTEMPATH\CodeIgniter.php(351): CodeIgniter\CodeIgniter->handleRequest(null, Object(Config\Cache), false)
 9 FCPATH\index.php(67): CodeIgniter\CodeIgniter->run()
CRITICAL - 2022-11-24 14:59:04 --> Undefined variable $ante
in APPPATH\Views\cajas\editar.php on line 20.
 1 APPPATH\Views\cajas\editar.php(20): CodeIgniter\Debug\Exceptions->errorHandler(2, 'Undefined variable $ante', 'APPPATH\\Views\\cajas\\editar.php', 20)
 2 SYSTEMPATH\View\View.php(213): include('APPPATH\\Views\\cajas\\editar.php')
 3 SYSTEMPATH\View\View.php(216): CodeIgniter\View\View->CodeIgniter\View\{closure}()
 4 SYSTEMPATH\Common.php(1134): CodeIgniter\View\View->render('cajas/editar', [], true)
 5 APPPATH\Controllers\Cajas.php(97): view('cajas/editar', [...])
 6 SYSTEMPATH\CodeIgniter.php(927): App\Controllers\Cajas->editar('2')
 7 SYSTEMPATH\CodeIgniter.php(482): CodeIgniter\CodeIgniter->runController(Object(App\Controllers\Cajas))
 8 SYSTEMPATH\CodeIgniter.php(351): CodeIgniter\CodeIgniter->handleRequest(null, Object(Config\Cache), false)
 9 FCPATH\index.php(67): CodeIgniter\CodeIgniter->run()
CRITICAL - 2022-11-24 15:02:23 --> Undefined array key 0
in APPPATH\Views\cajas\editar.php on line 20.
 1 APPPATH\Views\cajas\editar.php(20): CodeIgniter\Debug\Exceptions->errorHandler(2, 'Undefined array key 0', 'APPPATH\\Views\\cajas\\editar.php', 20)
 2 SYSTEMPATH\View\View.php(213): include('APPPATH\\Views\\cajas\\editar.php')
 3 SYSTEMPATH\View\View.php(216): CodeIgniter\View\View->CodeIgniter\View\{closure}()
 4 SYSTEMPATH\Common.php(1134): CodeIgniter\View\View->render('cajas/editar', [], true)
 5 APPPATH\Controllers\Cajas.php(96): view('cajas/editar', [...])
 6 SYSTEMPATH\CodeIgniter.php(927): App\Controllers\Cajas->editar('2')
 7 SYSTEMPATH\CodeIgniter.php(482): CodeIgniter\CodeIgniter->runController(Object(App\Controllers\Cajas))
 8 SYSTEMPATH\CodeIgniter.php(351): CodeIgniter\CodeIgniter->handleRequest(null, Object(Config\Cache), false)
 9 FCPATH\index.php(67): CodeIgniter\CodeIgniter->run()
CRITICAL - 2022-11-24 15:02:37 --> Undefined array key "numero_caja"
in APPPATH\Views\cajas\editar.php on line 20.
 1 APPPATH\Views\cajas\editar.php(20): CodeIgniter\Debug\Exceptions->errorHandler(2, 'Undefined array key "numero_caja"', 'APPPATH\\Views\\cajas\\editar.php', 20)
 2 SYSTEMPATH\View\View.php(213): include('APPPATH\\Views\\cajas\\editar.php')
 3 SYSTEMPATH\View\View.php(216): CodeIgniter\View\View->CodeIgniter\View\{closure}()
 4 SYSTEMPATH\Common.php(1134): CodeIgniter\View\View->render('cajas/editar', [], true)
 5 APPPATH\Controllers\Cajas.php(96): view('cajas/editar', [...])
 6 SYSTEMPATH\CodeIgniter.php(927): App\Controllers\Cajas->editar('2')
 7 SYSTEMPATH\CodeIgniter.php(482): CodeIgniter\CodeIgniter->runController(Object(App\Controllers\Cajas))
 8 SYSTEMPATH\CodeIgniter.php(351): CodeIgniter\CodeIgniter->handleRequest(null, Object(Config\Cache), false)
 9 FCPATH\index.php(67): CodeIgniter\CodeIgniter->run()
CRITICAL - 2022-11-24 15:02:39 --> Undefined array key "numero_caja"
in APPPATH\Views\cajas\editar.php on line 20.
 1 APPPATH\Views\cajas\editar.php(20): CodeIgniter\Debug\Exceptions->errorHandler(2, 'Undefined array key "numero_caja"', 'APPPATH\\Views\\cajas\\editar.php', 20)
 2 SYSTEMPATH\View\View.php(213): include('APPPATH\\Views\\cajas\\editar.php')
 3 SYSTEMPATH\View\View.php(216): CodeIgniter\View\View->CodeIgniter\View\{closure}()
 4 SYSTEMPATH\Common.php(1134): CodeIgniter\View\View->render('cajas/editar', [], true)
 5 APPPATH\Controllers\Cajas.php(96): view('cajas/editar', [...])
 6 SYSTEMPATH\CodeIgniter.php(927): App\Controllers\Cajas->editar('2')
 7 SYSTEMPATH\CodeIgniter.php(482): CodeIgniter\CodeIgniter->runController(Object(App\Controllers\Cajas))
 8 SYSTEMPATH\CodeIgniter.php(351): CodeIgniter\CodeIgniter->handleRequest(null, Object(Config\Cache), false)
 9 FCPATH\index.php(67): CodeIgniter\CodeIgniter->run()
CRITICAL - 2022-11-24 15:04:27 --> Undefined array key "numero_caja"
in APPPATH\Views\cajas\editar.php on line 18.
 1 APPPATH\Views\cajas\editar.php(18): CodeIgniter\Debug\Exceptions->errorHandler(2, 'Undefined array key "numero_caja"', 'APPPATH\\Views\\cajas\\editar.php', 18)
 2 SYSTEMPATH\View\View.php(213): include('APPPATH\\Views\\cajas\\editar.php')
 3 SYSTEMPATH\View\View.php(216): CodeIgniter\View\View->CodeIgniter\View\{closure}()
 4 SYSTEMPATH\Common.php(1134): CodeIgniter\View\View->render('cajas/editar', [], true)
 5 APPPATH\Controllers\Cajas.php(96): view('cajas/editar', [...])
 6 SYSTEMPATH\CodeIgniter.php(927): App\Controllers\Cajas->editar('2')
 7 SYSTEMPATH\CodeIgniter.php(482): CodeIgniter\CodeIgniter->runController(Object(App\Controllers\Cajas))
 8 SYSTEMPATH\CodeIgniter.php(351): CodeIgniter\CodeIgniter->handleRequest(null, Object(Config\Cache), false)
 9 FCPATH\index.php(67): CodeIgniter\CodeIgniter->run()
CRITICAL - 2022-11-24 15:05:00 --> Undefined array key "numero_caja"
in APPPATH\Views\cajas\editar.php on line 20.
 1 APPPATH\Views\cajas\editar.php(20): CodeIgniter\Debug\Exceptions->errorHandler(2, 'Undefined array key "numero_caja"', 'APPPATH\\Views\\cajas\\editar.php', 20)
 2 SYSTEMPATH\View\View.php(213): include('APPPATH\\Views\\cajas\\editar.php')
 3 SYSTEMPATH\View\View.php(216): CodeIgniter\View\View->CodeIgniter\View\{closure}()
 4 SYSTEMPATH\Common.php(1134): CodeIgniter\View\View->render('cajas/editar', [], true)
 5 APPPATH\Controllers\Cajas.php(96): view('cajas/editar', [...])
 6 SYSTEMPATH\CodeIgniter.php(927): App\Controllers\Cajas->editar('2')
 7 SYSTEMPATH\CodeIgniter.php(482): CodeIgniter\CodeIgniter->runController(Object(App\Controllers\Cajas))
 8 SYSTEMPATH\CodeIgniter.php(351): CodeIgniter\CodeIgniter->handleRequest(null, Object(Config\Cache), false)
 9 FCPATH\index.php(67): CodeIgniter\CodeIgniter->run()
CRITICAL - 2022-11-24 15:05:19 --> Undefined array key "numero_caja"
in APPPATH\Views\cajas\editar.php on line 20.
 1 APPPATH\Views\cajas\editar.php(20): CodeIgniter\Debug\Exceptions->errorHandler(2, 'Undefined array key "numero_caja"', 'APPPATH\\Views\\cajas\\editar.php', 20)
 2 SYSTEMPATH\View\View.php(213): include('APPPATH\\Views\\cajas\\editar.php')
 3 SYSTEMPATH\View\View.php(216): CodeIgniter\View\View->CodeIgniter\View\{closure}()
 4 SYSTEMPATH\Common.php(1134): CodeIgniter\View\View->render('cajas/editar', [], true)
 5 APPPATH\Controllers\Cajas.php(96): view('cajas/editar', [...])
 6 SYSTEMPATH\CodeIgniter.php(927): App\Controllers\Cajas->editar('2')
 7 SYSTEMPATH\CodeIgniter.php(482): CodeIgniter\CodeIgniter->runController(Object(App\Controllers\Cajas))
 8 SYSTEMPATH\CodeIgniter.php(351): CodeIgniter\CodeIgniter->handleRequest(null, Object(Config\Cache), false)
 9 FCPATH\index.php(67): CodeIgniter\CodeIgniter->run()
CRITICAL - 2022-11-24 15:05:45 --> Undefined array key "numero_caja"
in APPPATH\Views\cajas\editar.php on line 20.
 1 APPPATH\Views\cajas\editar.php(20): CodeIgniter\Debug\Exceptions->errorHandler(2, 'Undefined array key "numero_caja"', 'APPPATH\\Views\\cajas\\editar.php', 20)
 2 SYSTEMPATH\View\View.php(213): include('APPPATH\\Views\\cajas\\editar.php')
 3 SYSTEMPATH\View\View.php(216): CodeIgniter\View\View->CodeIgniter\View\{closure}()
 4 SYSTEMPATH\Common.php(1134): CodeIgniter\View\View->render('cajas/editar', [], true)
 5 APPPATH\Controllers\Cajas.php(96): view('cajas/editar', [...])
 6 SYSTEMPATH\CodeIgniter.php(927): App\Controllers\Cajas->editar('2')
 7 SYSTEMPATH\CodeIgniter.php(482): CodeIgniter\CodeIgniter->runController(Object(App\Controllers\Cajas))
 8 SYSTEMPATH\CodeIgniter.php(351): CodeIgniter\CodeIgniter->handleRequest(null, Object(Config\Cache), false)
 9 FCPATH\index.php(67): CodeIgniter\CodeIgniter->run()
CRITICAL - 2022-11-24 15:06:49 --> Undefined array key "numero_caja"
in APPPATH\Views\cajas\editar.php on line 20.
 1 APPPATH\Views\cajas\editar.php(20): CodeIgniter\Debug\Exceptions->errorHandler(2, 'Undefined array key "numero_caja"', 'APPPATH\\Views\\cajas\\editar.php', 20)
 2 SYSTEMPATH\View\View.php(213): include('APPPATH\\Views\\cajas\\editar.php')
 3 SYSTEMPATH\View\View.php(216): CodeIgniter\View\View->CodeIgniter\View\{closure}()
 4 SYSTEMPATH\Common.php(1134): CodeIgniter\View\View->render('cajas/editar', [], true)
 5 APPPATH\Controllers\Cajas.php(96): view('cajas/editar', [...])
 6 SYSTEMPATH\CodeIgniter.php(927): App\Controllers\Cajas->editar('2')
 7 SYSTEMPATH\CodeIgniter.php(482): CodeIgniter\CodeIgniter->runController(Object(App\Controllers\Cajas))
 8 SYSTEMPATH\CodeIgniter.php(351): CodeIgniter\CodeIgniter->handleRequest(null, Object(Config\Cache), false)
 9 FCPATH\index.php(67): CodeIgniter\CodeIgniter->run()
