CRITICAL - 2022-11-23 08:33:07 --> Undefined variable $titulo
in APPPATH\Views\configuracion\configuracion.php on line 8.
 1 APPPATH\Views\configuracion\configuracion.php(8): CodeIgniter\Debug\Exceptions->errorHandler(2, 'Undefined variable $titulo', 'APPPATH\\Views\\configuracion\\configuracion.php', 8)
 2 SYSTEMPATH\View\View.php(213): include('APPPATH\\Views\\configuracion\\configuracion.php')
 3 SYSTEMPATH\View\View.php(216): CodeIgniter\View\View->CodeIgniter\View\{closure}()
 4 SYSTEMPATH\Common.php(1134): CodeIgniter\View\View->render('configuracion/configuracion', [], true)
 5 APPPATH\Controllers\Configuracion.php(39): view('configuracion/configuracion')
 6 SYSTEMPATH\CodeIgniter.php(927): App\Controllers\Configuracion->index()
 7 SYSTEMPATH\CodeIgniter.php(482): CodeIgniter\CodeIgniter->runController(Object(App\Controllers\Configuracion))
 8 SYSTEMPATH\CodeIgniter.php(351): CodeIgniter\CodeIgniter->handleRequest(null, Object(Config\Cache), false)
 9 FCPATH\index.php(67): CodeIgniter\CodeIgniter->run()
CRITICAL - 2022-11-23 08:34:00 --> Undefined variable $titulo
in APPPATH\Views\configuracion\configuracion.php on line 8.
 1 APPPATH\Views\configuracion\configuracion.php(8): CodeIgniter\Debug\Exceptions->errorHandler(2, 'Undefined variable $titulo', 'APPPATH\\Views\\configuracion\\configuracion.php', 8)
 2 SYSTEMPATH\View\View.php(213): include('APPPATH\\Views\\configuracion\\configuracion.php')
 3 SYSTEMPATH\View\View.php(216): CodeIgniter\View\View->CodeIgniter\View\{closure}()
 4 SYSTEMPATH\Common.php(1134): CodeIgniter\View\View->render('configuracion/configuracion', [], true)
 5 APPPATH\Controllers\Configuracion.php(39): view('configuracion/configuracion')
 6 SYSTEMPATH\CodeIgniter.php(927): App\Controllers\Configuracion->index()
 7 SYSTEMPATH\CodeIgniter.php(482): CodeIgniter\CodeIgniter->runController(Object(App\Controllers\Configuracion))
 8 SYSTEMPATH\CodeIgniter.php(351): CodeIgniter\CodeIgniter->handleRequest(null, Object(Config\Cache), false)
 9 FCPATH\index.php(67): CodeIgniter\CodeIgniter->run()
CRITICAL - 2022-11-23 08:34:42 --> Undefined variable $titulo
in APPPATH\Views\configuracion\configuracion.php on line 8.
 1 APPPATH\Views\configuracion\configuracion.php(8): CodeIgniter\Debug\Exceptions->errorHandler(2, 'Undefined variable $titulo', 'APPPATH\\Views\\configuracion\\configuracion.php', 8)
 2 SYSTEMPATH\View\View.php(213): include('APPPATH\\Views\\configuracion\\configuracion.php')
 3 SYSTEMPATH\View\View.php(216): CodeIgniter\View\View->CodeIgniter\View\{closure}()
 4 SYSTEMPATH\Common.php(1134): CodeIgniter\View\View->render('configuracion/configuracion', [], true)
 5 APPPATH\Controllers\Configuracion.php(39): view('configuracion/configuracion')
 6 SYSTEMPATH\CodeIgniter.php(927): App\Controllers\Configuracion->index()
 7 SYSTEMPATH\CodeIgniter.php(482): CodeIgniter\CodeIgniter->runController(Object(App\Controllers\Configuracion))
 8 SYSTEMPATH\CodeIgniter.php(351): CodeIgniter\CodeIgniter->handleRequest(null, Object(Config\Cache), false)
 9 FCPATH\index.php(67): CodeIgniter\CodeIgniter->run()
CRITICAL - 2022-11-23 09:11:29 --> Undefined property: CodeIgniter\View\View::$configuracion
in APPPATH\Views\configuracion\configuracion.php on line 21.
 1 APPPATH\Views\configuracion\configuracion.php(21): CodeIgniter\Debug\Exceptions->errorHandler(2, 'Undefined property: CodeIgniter\\View\\View::$configuracion', 'APPPATH\\Views\\configuracion\\configuracion.php', 21)
 2 SYSTEMPATH\View\View.php(213): include('APPPATH\\Views\\configuracion\\configuracion.php')
 3 SYSTEMPATH\View\View.php(216): CodeIgniter\View\View->CodeIgniter\View\{closure}()
 4 SYSTEMPATH\Common.php(1134): CodeIgniter\View\View->render('configuracion/configuracion', [], true)
 5 APPPATH\Controllers\Configuracion.php(39): view('configuracion/configuracion', [...])
 6 SYSTEMPATH\CodeIgniter.php(927): App\Controllers\Configuracion->index()
 7 SYSTEMPATH\CodeIgniter.php(482): CodeIgniter\CodeIgniter->runController(Object(App\Controllers\Configuracion))
 8 SYSTEMPATH\CodeIgniter.php(351): CodeIgniter\CodeIgniter->handleRequest(null, Object(Config\Cache), false)
 9 FCPATH\index.php(67): CodeIgniter\CodeIgniter->run()
ERROR - 2022-11-23 09:20:09 --> mysqli_sql_exception: Unknown column 'rfc' in 'where clause' in C:\xampp\htdocs\pos\system\Database\MySQLi\Connection.php:292
Stack trace:
#0 C:\xampp\htdocs\pos\system\Database\MySQLi\Connection.php(292): mysqli->query('SELECT *\nFROM `...', 0)
#1 C:\xampp\htdocs\pos\system\Database\BaseConnection.php(666): CodeIgniter\Database\MySQLi\Connection->execute('SELECT *\nFROM `...')
#2 C:\xampp\htdocs\pos\system\Database\BaseConnection.php(593): CodeIgniter\Database\BaseConnection->simpleQuery('SELECT *\nFROM `...')
#3 C:\xampp\htdocs\pos\system\Database\BaseBuilder.php(1585): CodeIgniter\Database\BaseConnection->query('SELECT *\nFROM `...', Array, false)
#4 C:\xampp\htdocs\pos\system\Model.php(250): CodeIgniter\Database\BaseBuilder->get()
#5 C:\xampp\htdocs\pos\system\BaseModel.php(623): CodeIgniter\Model->doFirst()
#6 C:\xampp\htdocs\pos\app\Controllers\Configuracion.php(38): CodeIgniter\BaseModel->first()
#7 C:\xampp\htdocs\pos\system\CodeIgniter.php(927): App\Controllers\Configuracion->index()
#8 C:\xampp\htdocs\pos\system\CodeIgniter.php(482): CodeIgniter\CodeIgniter->runController(Object(App\Controllers\Configuracion))
#9 C:\xampp\htdocs\pos\system\CodeIgniter.php(351): CodeIgniter\CodeIgniter->handleRequest(NULL, Object(Config\Cache), false)
#10 C:\xampp\htdocs\pos\public\index.php(67): CodeIgniter\CodeIgniter->run()
#11 {main}
CRITICAL - 2022-11-23 09:20:09 --> Unknown column 'rfc' in 'where clause'
in SYSTEMPATH\Database\MySQLi\Connection.php on line 292.
 1 SYSTEMPATH\Database\MySQLi\Connection.php(292): mysqli->query('SELECT *
FROM `configuracion`
WHERE `rfc` = \'tienda_rfc\'
 LIMIT 1', 0)
 2 SYSTEMPATH\Database\BaseConnection.php(666): CodeIgniter\Database\MySQLi\Connection->execute('SELECT *
FROM `configuracion`
WHERE `rfc` = \'tienda_rfc\'
 LIMIT 1')
 3 SYSTEMPATH\Database\BaseConnection.php(593): CodeIgniter\Database\BaseConnection->simpleQuery('SELECT *
FROM `configuracion`
WHERE `rfc` = \'tienda_rfc\'
 LIMIT 1')
 4 SYSTEMPATH\Database\BaseBuilder.php(1585): CodeIgniter\Database\BaseConnection->query('SELECT *
FROM `configuracion`
WHERE `rfc` = :rfc:
 LIMIT 1', [...], false)
 5 SYSTEMPATH\Model.php(250): CodeIgniter\Database\BaseBuilder->get()
 6 SYSTEMPATH\BaseModel.php(623): CodeIgniter\Model->doFirst()
 7 APPPATH\Controllers\Configuracion.php(38): CodeIgniter\BaseModel->first()
 8 SYSTEMPATH\CodeIgniter.php(927): App\Controllers\Configuracion->index()
 9 SYSTEMPATH\CodeIgniter.php(482): CodeIgniter\CodeIgniter->runController(Object(App\Controllers\Configuracion))
10 SYSTEMPATH\CodeIgniter.php(351): CodeIgniter\CodeIgniter->handleRequest(null, Object(Config\Cache), false)
11 FCPATH\index.php(67): CodeIgniter\CodeIgniter->run()
CRITICAL - 2022-11-23 09:20:56 --> Undefined variable $rfc
in APPPATH\Views\configuracion\configuracion.php on line 25.
 1 APPPATH\Views\configuracion\configuracion.php(25): CodeIgniter\Debug\Exceptions->errorHandler(2, 'Undefined variable $rfc', 'APPPATH\\Views\\configuracion\\configuracion.php', 25)
 2 SYSTEMPATH\View\View.php(213): include('APPPATH\\Views\\configuracion\\configuracion.php')
 3 SYSTEMPATH\View\View.php(216): CodeIgniter\View\View->CodeIgniter\View\{closure}()
 4 SYSTEMPATH\Common.php(1134): CodeIgniter\View\View->render('configuracion/configuracion', [], true)
 5 APPPATH\Controllers\Configuracion.php(41): view('configuracion/configuracion', [...])
 6 SYSTEMPATH\CodeIgniter.php(927): App\Controllers\Configuracion->index()
 7 SYSTEMPATH\CodeIgniter.php(482): CodeIgniter\CodeIgniter->runController(Object(App\Controllers\Configuracion))
 8 SYSTEMPATH\CodeIgniter.php(351): CodeIgniter\CodeIgniter->handleRequest(null, Object(Config\Cache), false)
 9 FCPATH\index.php(67): CodeIgniter\CodeIgniter->run()
CRITICAL - 2022-11-23 09:21:01 --> Undefined variable $rfc
in APPPATH\Views\configuracion\configuracion.php on line 25.
 1 APPPATH\Views\configuracion\configuracion.php(25): CodeIgniter\Debug\Exceptions->errorHandler(2, 'Undefined variable $rfc', 'APPPATH\\Views\\configuracion\\configuracion.php', 25)
 2 SYSTEMPATH\View\View.php(213): include('APPPATH\\Views\\configuracion\\configuracion.php')
 3 SYSTEMPATH\View\View.php(216): CodeIgniter\View\View->CodeIgniter\View\{closure}()
 4 SYSTEMPATH\Common.php(1134): CodeIgniter\View\View->render('configuracion/configuracion', [], true)
 5 APPPATH\Controllers\Configuracion.php(41): view('configuracion/configuracion', [...])
 6 SYSTEMPATH\CodeIgniter.php(927): App\Controllers\Configuracion->index()
 7 SYSTEMPATH\CodeIgniter.php(482): CodeIgniter\CodeIgniter->runController(Object(App\Controllers\Configuracion))
 8 SYSTEMPATH\CodeIgniter.php(351): CodeIgniter\CodeIgniter->handleRequest(null, Object(Config\Cache), false)
 9 FCPATH\index.php(67): CodeIgniter\CodeIgniter->run()
CRITICAL - 2022-11-23 09:21:22 --> Undefined array key "tienda_rfc"
in APPPATH\Views\configuracion\configuracion.php on line 25.
 1 APPPATH\Views\configuracion\configuracion.php(25): CodeIgniter\Debug\Exceptions->errorHandler(2, 'Undefined array key "tienda_rfc"', 'APPPATH\\Views\\configuracion\\configuracion.php', 25)
 2 SYSTEMPATH\View\View.php(213): include('APPPATH\\Views\\configuracion\\configuracion.php')
 3 SYSTEMPATH\View\View.php(216): CodeIgniter\View\View->CodeIgniter\View\{closure}()
 4 SYSTEMPATH\Common.php(1134): CodeIgniter\View\View->render('configuracion/configuracion', [], true)
 5 APPPATH\Controllers\Configuracion.php(41): view('configuracion/configuracion', [...])
 6 SYSTEMPATH\CodeIgniter.php(927): App\Controllers\Configuracion->index()
 7 SYSTEMPATH\CodeIgniter.php(482): CodeIgniter\CodeIgniter->runController(Object(App\Controllers\Configuracion))
 8 SYSTEMPATH\CodeIgniter.php(351): CodeIgniter\CodeIgniter->handleRequest(null, Object(Config\Cache), false)
 9 FCPATH\index.php(67): CodeIgniter\CodeIgniter->run()
CRITICAL - 2022-11-23 09:22:02 --> Undefined array key "tienda_rfc"
in APPPATH\Views\configuracion\configuracion.php on line 25.
 1 APPPATH\Views\configuracion\configuracion.php(25): CodeIgniter\Debug\Exceptions->errorHandler(2, 'Undefined array key "tienda_rfc"', 'APPPATH\\Views\\configuracion\\configuracion.php', 25)
 2 SYSTEMPATH\View\View.php(213): include('APPPATH\\Views\\configuracion\\configuracion.php')
 3 SYSTEMPATH\View\View.php(216): CodeIgniter\View\View->CodeIgniter\View\{closure}()
 4 SYSTEMPATH\Common.php(1134): CodeIgniter\View\View->render('configuracion/configuracion', [], true)
 5 APPPATH\Controllers\Configuracion.php(41): view('configuracion/configuracion', [...])
 6 SYSTEMPATH\CodeIgniter.php(927): App\Controllers\Configuracion->index()
 7 SYSTEMPATH\CodeIgniter.php(482): CodeIgniter\CodeIgniter->runController(Object(App\Controllers\Configuracion))
 8 SYSTEMPATH\CodeIgniter.php(351): CodeIgniter\CodeIgniter->handleRequest(null, Object(Config\Cache), false)
 9 FCPATH\index.php(67): CodeIgniter\CodeIgniter->run()
