CRITICAL - 2022-12-01 12:57:39 --> Undefined property: App\Controllers\Cajas::$session
in APPPATH\Controllers\Cajas.php on line 142.
 1 APPPATH\Controllers\Cajas.php(142): CodeIgniter\Debug\Exceptions->errorHandler(2, 'Undefined property: App\\Controllers\\Cajas::$session', 'APPPATH\\Controllers\\Cajas.php', 142)
 2 SYSTEMPATH\CodeIgniter.php(927): App\Controllers\Cajas->nuevo_arqueo()
 3 SYSTEMPATH\CodeIgniter.php(482): CodeIgniter\CodeIgniter->runController(Object(App\Controllers\Cajas))
 4 SYSTEMPATH\CodeIgniter.php(351): CodeIgniter\CodeIgniter->handleRequest(null, Object(Config\Cache), false)
 5 FCPATH\index.php(67): CodeIgniter\CodeIgniter->run()
CRITICAL - 2022-12-01 12:58:12 --> Invalid file: cajas/nuevo_arqueo.php
in SYSTEMPATH\Exceptions\FrameworkException.php on line 33.
 1 SYSTEMPATH\View\View.php(201): CodeIgniter\Exceptions\FrameworkException::forInvalidFile('cajas/nuevo_arqueo.php')
 2 SYSTEMPATH\Common.php(1134): CodeIgniter\View\View->render('cajas/nuevo_arqueo', [], true)
 3 APPPATH\Controllers\Cajas.php(146): view('cajas/nuevo_arqueo', [...])
 4 SYSTEMPATH\CodeIgniter.php(927): App\Controllers\Cajas->nuevo_arqueo()
 5 SYSTEMPATH\CodeIgniter.php(482): CodeIgniter\CodeIgniter->runController(Object(App\Controllers\Cajas))
 6 SYSTEMPATH\CodeIgniter.php(351): CodeIgniter\CodeIgniter->handleRequest(null, Object(Config\Cache), false)
 7 FCPATH\index.php(67): CodeIgniter\CodeIgniter->run()
CRITICAL - 2022-12-01 13:09:08 --> Trying to access array offset on value of type null
in APPPATH\Views\cajas\nuevo_arqueo.php on line 21.
 1 APPPATH\Views\cajas\nuevo_arqueo.php(21): CodeIgniter\Debug\Exceptions->errorHandler(2, 'Trying to access array offset on value of type null', 'APPPATH\\Views\\cajas\\nuevo_arqueo.php', 21)
 2 SYSTEMPATH\View\View.php(213): include('APPPATH\\Views\\cajas\\nuevo_arqueo.php')
 3 SYSTEMPATH\View\View.php(216): CodeIgniter\View\View->CodeIgniter\View\{closure}()
 4 SYSTEMPATH\Common.php(1134): CodeIgniter\View\View->render('cajas/nuevo_arqueo', [], true)
 5 APPPATH\Controllers\Cajas.php(146): view('cajas/nuevo_arqueo', [...])
 6 SYSTEMPATH\CodeIgniter.php(927): App\Controllers\Cajas->nuevo_arqueo()
 7 SYSTEMPATH\CodeIgniter.php(482): CodeIgniter\CodeIgniter->runController(Object(App\Controllers\Cajas))
 8 SYSTEMPATH\CodeIgniter.php(351): CodeIgniter\CodeIgniter->handleRequest(null, Object(Config\Cache), false)
 9 FCPATH\index.php(67): CodeIgniter\CodeIgniter->run()
CRITICAL - 2022-12-01 13:10:43 --> Trying to access array offset on value of type null
in APPPATH\Views\cajas\nuevo_arqueo.php on line 21.
 1 APPPATH\Views\cajas\nuevo_arqueo.php(21): CodeIgniter\Debug\Exceptions->errorHandler(2, 'Trying to access array offset on value of type null', 'APPPATH\\Views\\cajas\\nuevo_arqueo.php', 21)
 2 SYSTEMPATH\View\View.php(213): include('APPPATH\\Views\\cajas\\nuevo_arqueo.php')
 3 SYSTEMPATH\View\View.php(216): CodeIgniter\View\View->CodeIgniter\View\{closure}()
 4 SYSTEMPATH\Common.php(1134): CodeIgniter\View\View->render('cajas/nuevo_arqueo', [], true)
 5 APPPATH\Controllers\Cajas.php(146): view('cajas/nuevo_arqueo', [...])
 6 SYSTEMPATH\CodeIgniter.php(927): App\Controllers\Cajas->nuevo_arqueo()
 7 SYSTEMPATH\CodeIgniter.php(482): CodeIgniter\CodeIgniter->runController(Object(App\Controllers\Cajas))
 8 SYSTEMPATH\CodeIgniter.php(351): CodeIgniter\CodeIgniter->handleRequest(null, Object(Config\Cache), false)
 9 FCPATH\index.php(67): CodeIgniter\CodeIgniter->run()
CRITICAL - 2022-12-01 13:11:42 --> Trying to access array offset on value of type null
in APPPATH\Views\cajas\nuevo_arqueo.php on line 21.
 1 APPPATH\Views\cajas\nuevo_arqueo.php(21): CodeIgniter\Debug\Exceptions->errorHandler(2, 'Trying to access array offset on value of type null', 'APPPATH\\Views\\cajas\\nuevo_arqueo.php', 21)
 2 SYSTEMPATH\View\View.php(213): include('APPPATH\\Views\\cajas\\nuevo_arqueo.php')
 3 SYSTEMPATH\View\View.php(216): CodeIgniter\View\View->CodeIgniter\View\{closure}()
 4 SYSTEMPATH\Common.php(1134): CodeIgniter\View\View->render('cajas/nuevo_arqueo', [], true)
 5 APPPATH\Controllers\Cajas.php(146): view('cajas/nuevo_arqueo', [...])
 6 SYSTEMPATH\CodeIgniter.php(927): App\Controllers\Cajas->nuevo_arqueo()
 7 SYSTEMPATH\CodeIgniter.php(482): CodeIgniter\CodeIgniter->runController(Object(App\Controllers\Cajas))
 8 SYSTEMPATH\CodeIgniter.php(351): CodeIgniter\CodeIgniter->handleRequest(null, Object(Config\Cache), false)
 9 FCPATH\index.php(67): CodeIgniter\CodeIgniter->run()
CRITICAL - 2022-12-01 13:13:32 --> Trying to access array offset on value of type null
in APPPATH\Views\cajas\nuevo_arqueo.php on line 21.
 1 APPPATH\Views\cajas\nuevo_arqueo.php(21): CodeIgniter\Debug\Exceptions->errorHandler(2, 'Trying to access array offset on value of type null', 'APPPATH\\Views\\cajas\\nuevo_arqueo.php', 21)
 2 SYSTEMPATH\View\View.php(213): include('APPPATH\\Views\\cajas\\nuevo_arqueo.php')
 3 SYSTEMPATH\View\View.php(216): CodeIgniter\View\View->CodeIgniter\View\{closure}()
 4 SYSTEMPATH\Common.php(1134): CodeIgniter\View\View->render('cajas/nuevo_arqueo', [], true)
 5 APPPATH\Controllers\Cajas.php(146): view('cajas/nuevo_arqueo', [...])
 6 SYSTEMPATH\CodeIgniter.php(927): App\Controllers\Cajas->nuevo_arqueo()
 7 SYSTEMPATH\CodeIgniter.php(482): CodeIgniter\CodeIgniter->runController(Object(App\Controllers\Cajas))
 8 SYSTEMPATH\CodeIgniter.php(351): CodeIgniter\CodeIgniter->handleRequest(null, Object(Config\Cache), false)
 9 FCPATH\index.php(67): CodeIgniter\CodeIgniter->run()
CRITICAL - 2022-12-01 13:14:34 --> Trying to access array offset on value of type null
in APPPATH\Views\cajas\nuevo_arqueo.php on line 21.
 1 APPPATH\Views\cajas\nuevo_arqueo.php(21): CodeIgniter\Debug\Exceptions->errorHandler(2, 'Trying to access array offset on value of type null', 'APPPATH\\Views\\cajas\\nuevo_arqueo.php', 21)
 2 SYSTEMPATH\View\View.php(213): include('APPPATH\\Views\\cajas\\nuevo_arqueo.php')
 3 SYSTEMPATH\View\View.php(216): CodeIgniter\View\View->CodeIgniter\View\{closure}()
 4 SYSTEMPATH\Common.php(1134): CodeIgniter\View\View->render('cajas/nuevo_arqueo', [], true)
 5 APPPATH\Controllers\Cajas.php(146): view('cajas/nuevo_arqueo', [...])
 6 SYSTEMPATH\CodeIgniter.php(927): App\Controllers\Cajas->nuevo_arqueo()
 7 SYSTEMPATH\CodeIgniter.php(482): CodeIgniter\CodeIgniter->runController(Object(App\Controllers\Cajas))
 8 SYSTEMPATH\CodeIgniter.php(351): CodeIgniter\CodeIgniter->handleRequest(null, Object(Config\Cache), false)
 9 FCPATH\index.php(67): CodeIgniter\CodeIgniter->run()
CRITICAL - 2022-12-01 13:15:53 --> Trying to access array offset on value of type null
in APPPATH\Views\cajas\nuevo_arqueo.php on line 21.
 1 APPPATH\Views\cajas\nuevo_arqueo.php(21): CodeIgniter\Debug\Exceptions->errorHandler(2, 'Trying to access array offset on value of type null', 'APPPATH\\Views\\cajas\\nuevo_arqueo.php', 21)
 2 SYSTEMPATH\View\View.php(213): include('APPPATH\\Views\\cajas\\nuevo_arqueo.php')
 3 SYSTEMPATH\View\View.php(216): CodeIgniter\View\View->CodeIgniter\View\{closure}()
 4 SYSTEMPATH\Common.php(1134): CodeIgniter\View\View->render('cajas/nuevo_arqueo', [], true)
 5 APPPATH\Controllers\Cajas.php(146): view('cajas/nuevo_arqueo', [...])
 6 SYSTEMPATH\CodeIgniter.php(927): App\Controllers\Cajas->nuevo_arqueo()
 7 SYSTEMPATH\CodeIgniter.php(482): CodeIgniter\CodeIgniter->runController(Object(App\Controllers\Cajas))
 8 SYSTEMPATH\CodeIgniter.php(351): CodeIgniter\CodeIgniter->handleRequest(null, Object(Config\Cache), false)
 9 FCPATH\index.php(67): CodeIgniter\CodeIgniter->run()
CRITICAL - 2022-12-01 14:07:13 --> Undefined array key "monto_fin"
in APPPATH\Views\cajas\cerrar.php on line 35.
 1 APPPATH\Views\cajas\cerrar.php(35): CodeIgniter\Debug\Exceptions->errorHandler(2, 'Undefined array key "monto_fin"', 'APPPATH\\Views\\cajas\\cerrar.php', 35)
 2 SYSTEMPATH\View\View.php(213): include('APPPATH\\Views\\cajas\\cerrar.php')
 3 SYSTEMPATH\View\View.php(216): CodeIgniter\View\View->CodeIgniter\View\{closure}()
 4 SYSTEMPATH\Common.php(1134): CodeIgniter\View\View->render('cajas/cerrar', [], true)
 5 APPPATH\Controllers\Cajas.php(191): view('cajas/cerrar', [...])
 6 SYSTEMPATH\CodeIgniter.php(927): App\Controllers\Cajas->cerrar('1')
 7 SYSTEMPATH\CodeIgniter.php(482): CodeIgniter\CodeIgniter->runController(Object(App\Controllers\Cajas))
 8 SYSTEMPATH\CodeIgniter.php(351): CodeIgniter\CodeIgniter->handleRequest(null, Object(Config\Cache), false)
 9 FCPATH\index.php(67): CodeIgniter\CodeIgniter->run()
CRITICAL - 2022-12-01 14:16:21 --> Array to string conversion
in APPPATH\Views\cajas\cerrar.php on line 52.
 1 APPPATH\Views\cajas\cerrar.php(52): CodeIgniter\Debug\Exceptions->errorHandler(2, 'Array to string conversion', 'APPPATH\\Views\\cajas\\cerrar.php', 52)
 2 SYSTEMPATH\View\View.php(213): include('APPPATH\\Views\\cajas\\cerrar.php')
 3 SYSTEMPATH\View\View.php(216): CodeIgniter\View\View->CodeIgniter\View\{closure}()
 4 SYSTEMPATH\Common.php(1134): CodeIgniter\View\View->render('cajas/cerrar', [], true)
 5 APPPATH\Controllers\Cajas.php(194): view('cajas/cerrar', [...])
 6 SYSTEMPATH\CodeIgniter.php(927): App\Controllers\Cajas->cerrar('1')
 7 SYSTEMPATH\CodeIgniter.php(482): CodeIgniter\CodeIgniter->runController(Object(App\Controllers\Cajas))
 8 SYSTEMPATH\CodeIgniter.php(351): CodeIgniter\CodeIgniter->handleRequest(null, Object(Config\Cache), false)
 9 FCPATH\index.php(67): CodeIgniter\CodeIgniter->run()
CRITICAL - 2022-12-01 16:55:46 --> Undefined constant "CodeIgniter\Debug\VENDORPATH"
in SYSTEMPATH\Debug\Exceptions.php on line 177.
 1 SYSTEMPATH\Debug\Exceptions.php(157): CodeIgniter\Debug\Exceptions->isFakerDeprecationError(8192, 'substr(): Passing null to parameter #1 ($string) of type string is deprecated', 'APPPATH\\Libraries\\cfdi_sat\\satxmlsv33.php', 250)
 2 [internal function]: CodeIgniter\Debug\Exceptions->errorHandler(8192, 'substr(): Passing null to parameter #1 ($string) of type string is deprecated', 'APPPATH\\Libraries\\cfdi_sat\\satxmlsv33.php', 250)
 3 APPPATH\Libraries\cfdi_sat\satxmlsv33.php(250): substr(null, 0, 4)
 4 APPPATH\Libraries\cfdi_sat\satxmlsv33.php(82): GeneraXML->satxmlsv33_xml_fech(null)
 5 APPPATH\Libraries\cfdi_sat\satxmlsv33.php(39): GeneraXML->satxmlsv33_generales([...], 'ROOTPATH\\public', 'APPPATH\\Libraries\\cfdi_sat', 'ROOTPATH\\public')
 6 APPPATH\Libraries\cfdi_sat\satxmlsv33.php(27): GeneraXML->satxmlsv33_genera_xml([...], 'ROOTPATH\\public', 'APPPATH\\Libraries\\cfdi_sat', 'ROOTPATH\\public')
 7 APPPATH\Controllers\Factura.php(66): GeneraXML->satxmlsv33([...], 'ROOTPATH\\public', 'APPPATH\\Libraries\\cfdi_sat', 'ROOTPATH\\public')
 8 SYSTEMPATH\CodeIgniter.php(927): App\Controllers\Factura->facturar('24')
 9 SYSTEMPATH\CodeIgniter.php(482): CodeIgniter\CodeIgniter->runController(Object(App\Controllers\Factura))
10 SYSTEMPATH\CodeIgniter.php(351): CodeIgniter\CodeIgniter->handleRequest(null, Object(Config\Cache), false)
11 FCPATH\index.php(67): CodeIgniter\CodeIgniter->run()
CRITICAL - 2022-12-01 16:59:49 --> Undefined constant "CodeIgniter\Debug\VENDORPATH"
in SYSTEMPATH\Debug\Exceptions.php on line 177.
 1 SYSTEMPATH\Debug\Exceptions.php(157): CodeIgniter\Debug\Exceptions->isFakerDeprecationError(8192, 'substr(): Passing null to parameter #1 ($string) of type string is deprecated', 'APPPATH\\Libraries\\cfdi_sat\\satxmlsv33.php', 250)
 2 [internal function]: CodeIgniter\Debug\Exceptions->errorHandler(8192, 'substr(): Passing null to parameter #1 ($string) of type string is deprecated', 'APPPATH\\Libraries\\cfdi_sat\\satxmlsv33.php', 250)
 3 APPPATH\Libraries\cfdi_sat\satxmlsv33.php(250): substr(null, 0, 4)
 4 APPPATH\Libraries\cfdi_sat\satxmlsv33.php(82): GeneraXML->satxmlsv33_xml_fech(null)
 5 APPPATH\Libraries\cfdi_sat\satxmlsv33.php(39): GeneraXML->satxmlsv33_generales([...], 'ROOTPATH\\public', 'APPPATH\\Libraries\\cfdi_sat', 'ROOTPATH\\public')
 6 APPPATH\Libraries\cfdi_sat\satxmlsv33.php(27): GeneraXML->satxmlsv33_genera_xml([...], 'ROOTPATH\\public', 'APPPATH\\Libraries\\cfdi_sat', 'ROOTPATH\\public')
 7 APPPATH\Controllers\Factura.php(66): GeneraXML->satxmlsv33([...], 'ROOTPATH\\public', 'APPPATH\\Libraries\\cfdi_sat', 'ROOTPATH\\public')
 8 SYSTEMPATH\CodeIgniter.php(927): App\Controllers\Factura->facturar('24')
 9 SYSTEMPATH\CodeIgniter.php(482): CodeIgniter\CodeIgniter->runController(Object(App\Controllers\Factura))
10 SYSTEMPATH\CodeIgniter.php(351): CodeIgniter\CodeIgniter->handleRequest(null, Object(Config\Cache), false)
11 FCPATH\index.php(67): CodeIgniter\CodeIgniter->run()
CRITICAL - 2022-12-01 16:59:53 --> Undefined constant "CodeIgniter\Debug\VENDORPATH"
in SYSTEMPATH\Debug\Exceptions.php on line 177.
 1 SYSTEMPATH\Debug\Exceptions.php(157): CodeIgniter\Debug\Exceptions->isFakerDeprecationError(8192, 'substr(): Passing null to parameter #1 ($string) of type string is deprecated', 'APPPATH\\Libraries\\cfdi_sat\\satxmlsv33.php', 250)
 2 [internal function]: CodeIgniter\Debug\Exceptions->errorHandler(8192, 'substr(): Passing null to parameter #1 ($string) of type string is deprecated', 'APPPATH\\Libraries\\cfdi_sat\\satxmlsv33.php', 250)
 3 APPPATH\Libraries\cfdi_sat\satxmlsv33.php(250): substr(null, 0, 4)
 4 APPPATH\Libraries\cfdi_sat\satxmlsv33.php(82): GeneraXML->satxmlsv33_xml_fech(null)
 5 APPPATH\Libraries\cfdi_sat\satxmlsv33.php(39): GeneraXML->satxmlsv33_generales([...], 'ROOTPATH\\public', 'APPPATH\\Libraries\\cfdi_sat', 'ROOTPATH\\public')
 6 APPPATH\Libraries\cfdi_sat\satxmlsv33.php(27): GeneraXML->satxmlsv33_genera_xml([...], 'ROOTPATH\\public', 'APPPATH\\Libraries\\cfdi_sat', 'ROOTPATH\\public')
 7 APPPATH\Controllers\Factura.php(66): GeneraXML->satxmlsv33([...], 'ROOTPATH\\public', 'APPPATH\\Libraries\\cfdi_sat', 'ROOTPATH\\public')
 8 SYSTEMPATH\CodeIgniter.php(927): App\Controllers\Factura->facturar('24')
 9 SYSTEMPATH\CodeIgniter.php(482): CodeIgniter\CodeIgniter->runController(Object(App\Controllers\Factura))
10 SYSTEMPATH\CodeIgniter.php(351): CodeIgniter\CodeIgniter->handleRequest(null, Object(Config\Cache), false)
11 FCPATH\index.php(67): CodeIgniter\CodeIgniter->run()
CRITICAL - 2022-12-01 17:00:25 --> Undefined constant "CodeIgniter\Debug\VENDORPATH"
in SYSTEMPATH\Debug\Exceptions.php on line 177.
 1 SYSTEMPATH\Debug\Exceptions.php(157): CodeIgniter\Debug\Exceptions->isFakerDeprecationError(8192, 'substr(): Passing null to parameter #1 ($string) of type string is deprecated', 'APPPATH\\Libraries\\cfdi_sat\\satxmlsv33.php', 250)
 2 [internal function]: CodeIgniter\Debug\Exceptions->errorHandler(8192, 'substr(): Passing null to parameter #1 ($string) of type string is deprecated', 'APPPATH\\Libraries\\cfdi_sat\\satxmlsv33.php', 250)
 3 APPPATH\Libraries\cfdi_sat\satxmlsv33.php(250): substr(null, 0, 4)
 4 APPPATH\Libraries\cfdi_sat\satxmlsv33.php(82): GeneraXML->satxmlsv33_xml_fech(null)
 5 APPPATH\Libraries\cfdi_sat\satxmlsv33.php(39): GeneraXML->satxmlsv33_generales([...], 'ROOTPATH\\public', 'APPPATH\\Libraries\\cfdi_sat', 'ROOTPATH\\public')
 6 APPPATH\Libraries\cfdi_sat\satxmlsv33.php(27): GeneraXML->satxmlsv33_genera_xml([...], 'ROOTPATH\\public', 'APPPATH\\Libraries\\cfdi_sat', 'ROOTPATH\\public')
 7 APPPATH\Controllers\Factura.php(66): GeneraXML->satxmlsv33([...], 'ROOTPATH\\public', 'APPPATH\\Libraries\\cfdi_sat', 'ROOTPATH\\public')
 8 SYSTEMPATH\CodeIgniter.php(927): App\Controllers\Factura->facturar('24')
 9 SYSTEMPATH\CodeIgniter.php(482): CodeIgniter\CodeIgniter->runController(Object(App\Controllers\Factura))
10 SYSTEMPATH\CodeIgniter.php(351): CodeIgniter\CodeIgniter->handleRequest(null, Object(Config\Cache), false)
11 FCPATH\index.php(67): CodeIgniter\CodeIgniter->run()
CRITICAL - 2022-12-01 17:03:29 --> Undefined constant "CodeIgniter\Debug\VENDORPATH"
in SYSTEMPATH\Debug\Exceptions.php on line 177.
 1 SYSTEMPATH\Debug\Exceptions.php(157): CodeIgniter\Debug\Exceptions->isFakerDeprecationError(8192, 'substr(): Passing null to parameter #1 ($string) of type string is deprecated', 'APPPATH\\Libraries\\cfdi_sat\\satxmlsv33.php', 250)
 2 [internal function]: CodeIgniter\Debug\Exceptions->errorHandler(8192, 'substr(): Passing null to parameter #1 ($string) of type string is deprecated', 'APPPATH\\Libraries\\cfdi_sat\\satxmlsv33.php', 250)
 3 APPPATH\Libraries\cfdi_sat\satxmlsv33.php(250): substr(null, 0, 4)
 4 APPPATH\Libraries\cfdi_sat\satxmlsv33.php(82): GeneraXML->satxmlsv33_xml_fech(null)
 5 APPPATH\Libraries\cfdi_sat\satxmlsv33.php(39): GeneraXML->satxmlsv33_generales([...], 'ROOTPATH\\public', 'APPPATH\\Libraries\\cfdi_sat', 'ROOTPATH\\public')
 6 APPPATH\Libraries\cfdi_sat\satxmlsv33.php(27): GeneraXML->satxmlsv33_genera_xml([...], 'ROOTPATH\\public', 'APPPATH\\Libraries\\cfdi_sat', 'ROOTPATH\\public')
 7 APPPATH\Controllers\Factura.php(66): GeneraXML->satxmlsv33([...], 'ROOTPATH\\public', 'APPPATH\\Libraries\\cfdi_sat', 'ROOTPATH\\public')
 8 SYSTEMPATH\CodeIgniter.php(927): App\Controllers\Factura->facturar('23')
 9 SYSTEMPATH\CodeIgniter.php(482): CodeIgniter\CodeIgniter->runController(Object(App\Controllers\Factura))
10 SYSTEMPATH\CodeIgniter.php(351): CodeIgniter\CodeIgniter->handleRequest(null, Object(Config\Cache), false)
11 FCPATH\index.php(67): CodeIgniter\CodeIgniter->run()
CRITICAL - 2022-12-01 17:09:56 --> Undefined constant "CodeIgniter\Debug\VENDORPATH"
in SYSTEMPATH\Debug\Exceptions.php on line 177.
 1 SYSTEMPATH\Debug\Exceptions.php(157): CodeIgniter\Debug\Exceptions->isFakerDeprecationError(8192, 'substr(): Passing null to parameter #1 ($string) of type string is deprecated', 'APPPATH\\Libraries\\cfdi_sat\\satxmlsv33.php', 250)
 2 [internal function]: CodeIgniter\Debug\Exceptions->errorHandler(8192, 'substr(): Passing null to parameter #1 ($string) of type string is deprecated', 'APPPATH\\Libraries\\cfdi_sat\\satxmlsv33.php', 250)
 3 APPPATH\Libraries\cfdi_sat\satxmlsv33.php(250): substr(null, 0, 4)
 4 APPPATH\Libraries\cfdi_sat\satxmlsv33.php(82): GeneraXML->satxmlsv33_xml_fech(null)
 5 APPPATH\Libraries\cfdi_sat\satxmlsv33.php(39): GeneraXML->satxmlsv33_generales([...], 'ROOTPATH\\public', 'APPPATH\\Libraries\\cfdi_sat', 'ROOTPATH\\public')
 6 APPPATH\Libraries\cfdi_sat\satxmlsv33.php(27): GeneraXML->satxmlsv33_genera_xml([...], 'ROOTPATH\\public', 'APPPATH\\Libraries\\cfdi_sat', 'ROOTPATH\\public')
 7 APPPATH\Controllers\Factura.php(66): GeneraXML->satxmlsv33([...], 'ROOTPATH\\public', 'APPPATH\\Libraries\\cfdi_sat', 'ROOTPATH\\public')
 8 SYSTEMPATH\CodeIgniter.php(927): App\Controllers\Factura->facturar('22')
 9 SYSTEMPATH\CodeIgniter.php(482): CodeIgniter\CodeIgniter->runController(Object(App\Controllers\Factura))
10 SYSTEMPATH\CodeIgniter.php(351): CodeIgniter\CodeIgniter->handleRequest(null, Object(Config\Cache), false)
11 FCPATH\index.php(67): CodeIgniter\CodeIgniter->run()
CRITICAL - 2022-12-01 16:21:35 --> Undefined constant "CodeIgniter\Debug\VENDORPATH"
in SYSTEMPATH\Debug\Exceptions.php on line 177.
 1 SYSTEMPATH\Debug\Exceptions.php(157): CodeIgniter\Debug\Exceptions->isFakerDeprecationError(8192, 'substr(): Passing null to parameter #1 ($string) of type string is deprecated', 'APPPATH\\Libraries\\cfdi_sat\\satxmlsv33.php', 250)
 2 [internal function]: CodeIgniter\Debug\Exceptions->errorHandler(8192, 'substr(): Passing null to parameter #1 ($string) of type string is deprecated', 'APPPATH\\Libraries\\cfdi_sat\\satxmlsv33.php', 250)
 3 APPPATH\Libraries\cfdi_sat\satxmlsv33.php(250): substr(null, 0, 4)
 4 APPPATH\Libraries\cfdi_sat\satxmlsv33.php(82): GeneraXML->satxmlsv33_xml_fech(null)
 5 APPPATH\Libraries\cfdi_sat\satxmlsv33.php(39): GeneraXML->satxmlsv33_generales([...], 'ROOTPATH\\public', 'APPPATH\\Libraries\\cfdi_sat', 'ROOTPATH\\public')
 6 APPPATH\Libraries\cfdi_sat\satxmlsv33.php(27): GeneraXML->satxmlsv33_genera_xml([...], 'ROOTPATH\\public', 'APPPATH\\Libraries\\cfdi_sat', 'ROOTPATH\\public')
 7 APPPATH\Controllers\Factura.php(66): GeneraXML->satxmlsv33([...], 'ROOTPATH\\public', 'APPPATH\\Libraries\\cfdi_sat', 'ROOTPATH\\public')
 8 SYSTEMPATH\CodeIgniter.php(927): App\Controllers\Factura->facturar('22')
 9 SYSTEMPATH\CodeIgniter.php(482): CodeIgniter\CodeIgniter->runController(Object(App\Controllers\Factura))
10 SYSTEMPATH\CodeIgniter.php(351): CodeIgniter\CodeIgniter->handleRequest(null, Object(Config\Cache), false)
11 FCPATH\index.php(67): CodeIgniter\CodeIgniter->run()
CRITICAL - 2022-12-01 16:23:40 --> Undefined constant "CodeIgniter\Debug\VENDORPATH"
in SYSTEMPATH\Debug\Exceptions.php on line 177.
 1 SYSTEMPATH\Debug\Exceptions.php(157): CodeIgniter\Debug\Exceptions->isFakerDeprecationError(8192, 'substr(): Passing null to parameter #1 ($string) of type string is deprecated', 'APPPATH\\Libraries\\cfdi_sat\\satxmlsv33.php', 250)
 2 [internal function]: CodeIgniter\Debug\Exceptions->errorHandler(8192, 'substr(): Passing null to parameter #1 ($string) of type string is deprecated', 'APPPATH\\Libraries\\cfdi_sat\\satxmlsv33.php', 250)
 3 APPPATH\Libraries\cfdi_sat\satxmlsv33.php(250): substr(null, 0, 4)
 4 APPPATH\Libraries\cfdi_sat\satxmlsv33.php(82): GeneraXML->satxmlsv33_xml_fech(null)
 5 APPPATH\Libraries\cfdi_sat\satxmlsv33.php(39): GeneraXML->satxmlsv33_generales([...], 'ROOTPATH\\public', 'APPPATH\\Libraries\\cfdi_sat', 'ROOTPATH\\public')
 6 APPPATH\Libraries\cfdi_sat\satxmlsv33.php(27): GeneraXML->satxmlsv33_genera_xml([...], 'ROOTPATH\\public', 'APPPATH\\Libraries\\cfdi_sat', 'ROOTPATH\\public')
 7 APPPATH\Controllers\Factura.php(66): GeneraXML->satxmlsv33([...], 'ROOTPATH\\public', 'APPPATH\\Libraries\\cfdi_sat', 'ROOTPATH\\public')
 8 SYSTEMPATH\CodeIgniter.php(927): App\Controllers\Factura->facturar('22')
 9 SYSTEMPATH\CodeIgniter.php(482): CodeIgniter\CodeIgniter->runController(Object(App\Controllers\Factura))
10 SYSTEMPATH\CodeIgniter.php(351): CodeIgniter\CodeIgniter->handleRequest(null, Object(Config\Cache), false)
11 FCPATH\index.php(67): CodeIgniter\CodeIgniter->run()
CRITICAL - 2022-12-01 17:24:09 --> Undefined constant "CodeIgniter\Debug\VENDORPATH"
in SYSTEMPATH\Debug\Exceptions.php on line 177.
 1 SYSTEMPATH\Debug\Exceptions.php(157): CodeIgniter\Debug\Exceptions->isFakerDeprecationError(8192, 'substr(): Passing null to parameter #1 ($string) of type string is deprecated', 'APPPATH\\Libraries\\cfdi_sat\\satxmlsv33.php', 250)
 2 [internal function]: CodeIgniter\Debug\Exceptions->errorHandler(8192, 'substr(): Passing null to parameter #1 ($string) of type string is deprecated', 'APPPATH\\Libraries\\cfdi_sat\\satxmlsv33.php', 250)
 3 APPPATH\Libraries\cfdi_sat\satxmlsv33.php(250): substr(null, 0, 4)
 4 APPPATH\Libraries\cfdi_sat\satxmlsv33.php(82): GeneraXML->satxmlsv33_xml_fech(null)
 5 APPPATH\Libraries\cfdi_sat\satxmlsv33.php(39): GeneraXML->satxmlsv33_generales([...], 'ROOTPATH\\public', 'APPPATH\\Libraries\\cfdi_sat', 'ROOTPATH\\public')
 6 APPPATH\Libraries\cfdi_sat\satxmlsv33.php(27): GeneraXML->satxmlsv33_genera_xml([...], 'ROOTPATH\\public', 'APPPATH\\Libraries\\cfdi_sat', 'ROOTPATH\\public')
 7 APPPATH\Controllers\Factura.php(66): GeneraXML->satxmlsv33([...], 'ROOTPATH\\public', 'APPPATH\\Libraries\\cfdi_sat', 'ROOTPATH\\public')
 8 SYSTEMPATH\CodeIgniter.php(927): App\Controllers\Factura->facturar('22')
 9 SYSTEMPATH\CodeIgniter.php(482): CodeIgniter\CodeIgniter->runController(Object(App\Controllers\Factura))
10 SYSTEMPATH\CodeIgniter.php(351): CodeIgniter\CodeIgniter->handleRequest(null, Object(Config\Cache), false)
11 FCPATH\index.php(67): CodeIgniter\CodeIgniter->run()
CRITICAL - 2022-12-01 17:24:12 --> Undefined constant "CodeIgniter\Debug\VENDORPATH"
in SYSTEMPATH\Debug\Exceptions.php on line 177.
 1 SYSTEMPATH\Debug\Exceptions.php(157): CodeIgniter\Debug\Exceptions->isFakerDeprecationError(8192, 'substr(): Passing null to parameter #1 ($string) of type string is deprecated', 'APPPATH\\Libraries\\cfdi_sat\\satxmlsv33.php', 250)
 2 [internal function]: CodeIgniter\Debug\Exceptions->errorHandler(8192, 'substr(): Passing null to parameter #1 ($string) of type string is deprecated', 'APPPATH\\Libraries\\cfdi_sat\\satxmlsv33.php', 250)
 3 APPPATH\Libraries\cfdi_sat\satxmlsv33.php(250): substr(null, 0, 4)
 4 APPPATH\Libraries\cfdi_sat\satxmlsv33.php(82): GeneraXML->satxmlsv33_xml_fech(null)
 5 APPPATH\Libraries\cfdi_sat\satxmlsv33.php(39): GeneraXML->satxmlsv33_generales([...], 'ROOTPATH\\public', 'APPPATH\\Libraries\\cfdi_sat', 'ROOTPATH\\public')
 6 APPPATH\Libraries\cfdi_sat\satxmlsv33.php(27): GeneraXML->satxmlsv33_genera_xml([...], 'ROOTPATH\\public', 'APPPATH\\Libraries\\cfdi_sat', 'ROOTPATH\\public')
 7 APPPATH\Controllers\Factura.php(66): GeneraXML->satxmlsv33([...], 'ROOTPATH\\public', 'APPPATH\\Libraries\\cfdi_sat', 'ROOTPATH\\public')
 8 SYSTEMPATH\CodeIgniter.php(927): App\Controllers\Factura->facturar('24')
 9 SYSTEMPATH\CodeIgniter.php(482): CodeIgniter\CodeIgniter->runController(Object(App\Controllers\Factura))
10 SYSTEMPATH\CodeIgniter.php(351): CodeIgniter\CodeIgniter->handleRequest(null, Object(Config\Cache), false)
11 FCPATH\index.php(67): CodeIgniter\CodeIgniter->run()
CRITICAL - 2022-12-01 17:25:15 --> Undefined constant "CodeIgniter\Debug\VENDORPATH"
in SYSTEMPATH\Debug\Exceptions.php on line 177.
 1 SYSTEMPATH\Debug\Exceptions.php(157): CodeIgniter\Debug\Exceptions->isFakerDeprecationError(8192, 'substr(): Passing null to parameter #1 ($string) of type string is deprecated', 'APPPATH\\Libraries\\cfdi_sat\\satxmlsv33.php', 250)
 2 [internal function]: CodeIgniter\Debug\Exceptions->errorHandler(8192, 'substr(): Passing null to parameter #1 ($string) of type string is deprecated', 'APPPATH\\Libraries\\cfdi_sat\\satxmlsv33.php', 250)
 3 APPPATH\Libraries\cfdi_sat\satxmlsv33.php(250): substr(null, 0, 4)
 4 APPPATH\Libraries\cfdi_sat\satxmlsv33.php(82): GeneraXML->satxmlsv33_xml_fech(null)
 5 APPPATH\Libraries\cfdi_sat\satxmlsv33.php(39): GeneraXML->satxmlsv33_generales([...], 'ROOTPATH\\public', 'APPPATH\\Libraries\\cfdi_sat', 'ROOTPATH\\public')
 6 APPPATH\Libraries\cfdi_sat\satxmlsv33.php(27): GeneraXML->satxmlsv33_genera_xml([...], 'ROOTPATH\\public', 'APPPATH\\Libraries\\cfdi_sat', 'ROOTPATH\\public')
 7 APPPATH\Controllers\Factura.php(66): GeneraXML->satxmlsv33([...], 'ROOTPATH\\public', 'APPPATH\\Libraries\\cfdi_sat', 'ROOTPATH\\public')
 8 SYSTEMPATH\CodeIgniter.php(927): App\Controllers\Factura->facturar('24')
 9 SYSTEMPATH\CodeIgniter.php(482): CodeIgniter\CodeIgniter->runController(Object(App\Controllers\Factura))
10 SYSTEMPATH\CodeIgniter.php(351): CodeIgniter\CodeIgniter->handleRequest(null, Object(Config\Cache), false)
11 FCPATH\index.php(67): CodeIgniter\CodeIgniter->run()
CRITICAL - 2022-12-01 17:26:17 --> Undefined constant "CodeIgniter\Debug\VENDORPATH"
in SYSTEMPATH\Debug\Exceptions.php on line 177.
 1 SYSTEMPATH\Debug\Exceptions.php(157): CodeIgniter\Debug\Exceptions->isFakerDeprecationError(8192, 'substr(): Passing null to parameter #1 ($string) of type string is deprecated', 'APPPATH\\Libraries\\cfdi_sat\\satxmlsv33.php', 250)
 2 [internal function]: CodeIgniter\Debug\Exceptions->errorHandler(8192, 'substr(): Passing null to parameter #1 ($string) of type string is deprecated', 'APPPATH\\Libraries\\cfdi_sat\\satxmlsv33.php', 250)
 3 APPPATH\Libraries\cfdi_sat\satxmlsv33.php(250): substr(null, 0, 4)
 4 APPPATH\Libraries\cfdi_sat\satxmlsv33.php(82): GeneraXML->satxmlsv33_xml_fech(null)
 5 APPPATH\Libraries\cfdi_sat\satxmlsv33.php(39): GeneraXML->satxmlsv33_generales([...], 'ROOTPATH\\public', 'APPPATH\\Libraries\\cfdi_sat', 'ROOTPATH\\public')
 6 APPPATH\Libraries\cfdi_sat\satxmlsv33.php(27): GeneraXML->satxmlsv33_genera_xml([...], 'ROOTPATH\\public', 'APPPATH\\Libraries\\cfdi_sat', 'ROOTPATH\\public')
 7 APPPATH\Controllers\Factura.php(66): GeneraXML->satxmlsv33([...], 'ROOTPATH\\public', 'APPPATH\\Libraries\\cfdi_sat', 'ROOTPATH\\public')
 8 SYSTEMPATH\CodeIgniter.php(927): App\Controllers\Factura->facturar('24')
 9 SYSTEMPATH\CodeIgniter.php(482): CodeIgniter\CodeIgniter->runController(Object(App\Controllers\Factura))
10 SYSTEMPATH\CodeIgniter.php(351): CodeIgniter\CodeIgniter->handleRequest(null, Object(Config\Cache), false)
11 FCPATH\index.php(67): CodeIgniter\CodeIgniter->run()
CRITICAL - 2022-12-01 17:33:14 --> Undefined constant "CodeIgniter\Debug\VENDORPATH"
in SYSTEMPATH\Debug\Exceptions.php on line 177.
 1 SYSTEMPATH\Debug\Exceptions.php(157): CodeIgniter\Debug\Exceptions->isFakerDeprecationError(8192, 'substr(): Passing null to parameter #1 ($string) of type string is deprecated', 'APPPATH\\Libraries\\cfdi_sat\\satxmlsv33.php', 250)
 2 [internal function]: CodeIgniter\Debug\Exceptions->errorHandler(8192, 'substr(): Passing null to parameter #1 ($string) of type string is deprecated', 'APPPATH\\Libraries\\cfdi_sat\\satxmlsv33.php', 250)
 3 APPPATH\Libraries\cfdi_sat\satxmlsv33.php(250): substr(null, 0, 4)
 4 APPPATH\Libraries\cfdi_sat\satxmlsv33.php(82): GeneraXML->satxmlsv33_xml_fech(null)
 5 APPPATH\Libraries\cfdi_sat\satxmlsv33.php(39): GeneraXML->satxmlsv33_generales([...], 'ROOTPATH\\public', 'APPPATH\\Libraries\\cfdi_sat', 'ROOTPATH\\public')
 6 APPPATH\Libraries\cfdi_sat\satxmlsv33.php(27): GeneraXML->satxmlsv33_genera_xml([...], 'ROOTPATH\\public', 'APPPATH\\Libraries\\cfdi_sat', 'ROOTPATH\\public')
 7 APPPATH\Controllers\Factura.php(66): GeneraXML->satxmlsv33([...], 'ROOTPATH\\public', 'APPPATH\\Libraries\\cfdi_sat', 'ROOTPATH\\public')
 8 SYSTEMPATH\CodeIgniter.php(927): App\Controllers\Factura->facturar('24')
 9 SYSTEMPATH\CodeIgniter.php(482): CodeIgniter\CodeIgniter->runController(Object(App\Controllers\Factura))
10 SYSTEMPATH\CodeIgniter.php(351): CodeIgniter\CodeIgniter->handleRequest(null, Object(Config\Cache), false)
11 FCPATH\index.php(67): CodeIgniter\CodeIgniter->run()
CRITICAL - 2022-12-01 17:33:17 --> Undefined constant "CodeIgniter\Debug\VENDORPATH"
in SYSTEMPATH\Debug\Exceptions.php on line 177.
 1 SYSTEMPATH\Debug\Exceptions.php(157): CodeIgniter\Debug\Exceptions->isFakerDeprecationError(8192, 'substr(): Passing null to parameter #1 ($string) of type string is deprecated', 'APPPATH\\Libraries\\cfdi_sat\\satxmlsv33.php', 250)
 2 [internal function]: CodeIgniter\Debug\Exceptions->errorHandler(8192, 'substr(): Passing null to parameter #1 ($string) of type string is deprecated', 'APPPATH\\Libraries\\cfdi_sat\\satxmlsv33.php', 250)
 3 APPPATH\Libraries\cfdi_sat\satxmlsv33.php(250): substr(null, 0, 4)
 4 APPPATH\Libraries\cfdi_sat\satxmlsv33.php(82): GeneraXML->satxmlsv33_xml_fech(null)
 5 APPPATH\Libraries\cfdi_sat\satxmlsv33.php(39): GeneraXML->satxmlsv33_generales([...], 'ROOTPATH\\public', 'APPPATH\\Libraries\\cfdi_sat', 'ROOTPATH\\public')
 6 APPPATH\Libraries\cfdi_sat\satxmlsv33.php(27): GeneraXML->satxmlsv33_genera_xml([...], 'ROOTPATH\\public', 'APPPATH\\Libraries\\cfdi_sat', 'ROOTPATH\\public')
 7 APPPATH\Controllers\Factura.php(66): GeneraXML->satxmlsv33([...], 'ROOTPATH\\public', 'APPPATH\\Libraries\\cfdi_sat', 'ROOTPATH\\public')
 8 SYSTEMPATH\CodeIgniter.php(927): App\Controllers\Factura->facturar('23')
 9 SYSTEMPATH\CodeIgniter.php(482): CodeIgniter\CodeIgniter->runController(Object(App\Controllers\Factura))
10 SYSTEMPATH\CodeIgniter.php(351): CodeIgniter\CodeIgniter->handleRequest(null, Object(Config\Cache), false)
11 FCPATH\index.php(67): CodeIgniter\CodeIgniter->run()
CRITICAL - 2022-12-01 17:33:20 --> Undefined constant "CodeIgniter\Debug\VENDORPATH"
in SYSTEMPATH\Debug\Exceptions.php on line 177.
 1 SYSTEMPATH\Debug\Exceptions.php(157): CodeIgniter\Debug\Exceptions->isFakerDeprecationError(8192, 'substr(): Passing null to parameter #1 ($string) of type string is deprecated', 'APPPATH\\Libraries\\cfdi_sat\\satxmlsv33.php', 250)
 2 [internal function]: CodeIgniter\Debug\Exceptions->errorHandler(8192, 'substr(): Passing null to parameter #1 ($string) of type string is deprecated', 'APPPATH\\Libraries\\cfdi_sat\\satxmlsv33.php', 250)
 3 APPPATH\Libraries\cfdi_sat\satxmlsv33.php(250): substr(null, 0, 4)
 4 APPPATH\Libraries\cfdi_sat\satxmlsv33.php(82): GeneraXML->satxmlsv33_xml_fech(null)
 5 APPPATH\Libraries\cfdi_sat\satxmlsv33.php(39): GeneraXML->satxmlsv33_generales([...], 'ROOTPATH\\public', 'APPPATH\\Libraries\\cfdi_sat', 'ROOTPATH\\public')
 6 APPPATH\Libraries\cfdi_sat\satxmlsv33.php(27): GeneraXML->satxmlsv33_genera_xml([...], 'ROOTPATH\\public', 'APPPATH\\Libraries\\cfdi_sat', 'ROOTPATH\\public')
 7 APPPATH\Controllers\Factura.php(66): GeneraXML->satxmlsv33([...], 'ROOTPATH\\public', 'APPPATH\\Libraries\\cfdi_sat', 'ROOTPATH\\public')
 8 SYSTEMPATH\CodeIgniter.php(927): App\Controllers\Factura->facturar('20')
 9 SYSTEMPATH\CodeIgniter.php(482): CodeIgniter\CodeIgniter->runController(Object(App\Controllers\Factura))
10 SYSTEMPATH\CodeIgniter.php(351): CodeIgniter\CodeIgniter->handleRequest(null, Object(Config\Cache), false)
11 FCPATH\index.php(67): CodeIgniter\CodeIgniter->run()
CRITICAL - 2022-12-01 17:34:13 --> Undefined constant "CodeIgniter\Debug\VENDORPATH"
in SYSTEMPATH\Debug\Exceptions.php on line 177.
 1 SYSTEMPATH\Debug\Exceptions.php(157): CodeIgniter\Debug\Exceptions->isFakerDeprecationError(8192, 'substr(): Passing null to parameter #1 ($string) of type string is deprecated', 'APPPATH\\Libraries\\cfdi_sat\\satxmlsv33.php', 250)
 2 [internal function]: CodeIgniter\Debug\Exceptions->errorHandler(8192, 'substr(): Passing null to parameter #1 ($string) of type string is deprecated', 'APPPATH\\Libraries\\cfdi_sat\\satxmlsv33.php', 250)
 3 APPPATH\Libraries\cfdi_sat\satxmlsv33.php(250): substr(null, 0, 4)
 4 APPPATH\Libraries\cfdi_sat\satxmlsv33.php(82): GeneraXML->satxmlsv33_xml_fech(null)
 5 APPPATH\Libraries\cfdi_sat\satxmlsv33.php(39): GeneraXML->satxmlsv33_generales([...], 'ROOTPATH\\public', 'APPPATH\\Libraries\\cfdi_sat', 'ROOTPATH\\public')
 6 APPPATH\Libraries\cfdi_sat\satxmlsv33.php(27): GeneraXML->satxmlsv33_genera_xml([...], 'ROOTPATH\\public', 'APPPATH\\Libraries\\cfdi_sat', 'ROOTPATH\\public')
 7 APPPATH\Controllers\Factura.php(66): GeneraXML->satxmlsv33([...], 'ROOTPATH\\public', 'APPPATH\\Libraries\\cfdi_sat', 'ROOTPATH\\public')
 8 SYSTEMPATH\CodeIgniter.php(927): App\Controllers\Factura->facturar('20')
 9 SYSTEMPATH\CodeIgniter.php(482): CodeIgniter\CodeIgniter->runController(Object(App\Controllers\Factura))
10 SYSTEMPATH\CodeIgniter.php(351): CodeIgniter\CodeIgniter->handleRequest(null, Object(Config\Cache), false)
11 FCPATH\index.php(67): CodeIgniter\CodeIgniter->run()
CRITICAL - 2022-12-01 17:41:30 --> Undefined constant "CodeIgniter\Debug\VENDORPATH"
in SYSTEMPATH\Debug\Exceptions.php on line 177.
 1 SYSTEMPATH\Debug\Exceptions.php(157): CodeIgniter\Debug\Exceptions->isFakerDeprecationError(8192, 'substr(): Passing null to parameter #1 ($string) of type string is deprecated', 'APPPATH\\Libraries\\cfdi_sat\\satxmlsv33.php', 250)
 2 [internal function]: CodeIgniter\Debug\Exceptions->errorHandler(8192, 'substr(): Passing null to parameter #1 ($string) of type string is deprecated', 'APPPATH\\Libraries\\cfdi_sat\\satxmlsv33.php', 250)
 3 APPPATH\Libraries\cfdi_sat\satxmlsv33.php(250): substr(null, 0, 4)
 4 APPPATH\Libraries\cfdi_sat\satxmlsv33.php(82): GeneraXML->satxmlsv33_xml_fech(null)
 5 APPPATH\Libraries\cfdi_sat\satxmlsv33.php(39): GeneraXML->satxmlsv33_generales([...], 'ROOTPATH\\public', 'APPPATH\\Libraries\\cfdi_sat', 'ROOTPATH\\public')
 6 APPPATH\Libraries\cfdi_sat\satxmlsv33.php(27): GeneraXML->satxmlsv33_genera_xml([...], 'ROOTPATH\\public', 'APPPATH\\Libraries\\cfdi_sat', 'ROOTPATH\\public')
 7 APPPATH\Controllers\Factura.php(66): GeneraXML->satxmlsv33([...], 'ROOTPATH\\public', 'APPPATH\\Libraries\\cfdi_sat', 'ROOTPATH\\public')
 8 SYSTEMPATH\CodeIgniter.php(927): App\Controllers\Factura->facturar('20')
 9 SYSTEMPATH\CodeIgniter.php(482): CodeIgniter\CodeIgniter->runController(Object(App\Controllers\Factura))
10 SYSTEMPATH\CodeIgniter.php(351): CodeIgniter\CodeIgniter->handleRequest(null, Object(Config\Cache), false)
11 FCPATH\index.php(67): CodeIgniter\CodeIgniter->run()
CRITICAL - 2022-12-01 17:48:26 --> Undefined constant "CodeIgniter\Debug\VENDORPATH"
in SYSTEMPATH\Debug\Exceptions.php on line 177.
 1 SYSTEMPATH\Debug\Exceptions.php(157): CodeIgniter\Debug\Exceptions->isFakerDeprecationError(8192, 'substr(): Passing null to parameter #1 ($string) of type string is deprecated', 'APPPATH\\Libraries\\cfdi_sat\\satxmlsv33.php', 250)
 2 [internal function]: CodeIgniter\Debug\Exceptions->errorHandler(8192, 'substr(): Passing null to parameter #1 ($string) of type string is deprecated', 'APPPATH\\Libraries\\cfdi_sat\\satxmlsv33.php', 250)
 3 APPPATH\Libraries\cfdi_sat\satxmlsv33.php(250): substr(null, 0, 4)
 4 APPPATH\Libraries\cfdi_sat\satxmlsv33.php(82): GeneraXML->satxmlsv33_xml_fech(null)
 5 APPPATH\Libraries\cfdi_sat\satxmlsv33.php(39): GeneraXML->satxmlsv33_generales([...], 'ROOTPATH\\public', 'APPPATH\\Libraries\\cfdi_sat', 'ROOTPATH\\public')
 6 APPPATH\Libraries\cfdi_sat\satxmlsv33.php(27): GeneraXML->satxmlsv33_genera_xml([...], 'ROOTPATH\\public', 'APPPATH\\Libraries\\cfdi_sat', 'ROOTPATH\\public')
 7 APPPATH\Controllers\Factura.php(66): GeneraXML->satxmlsv33([...], 'ROOTPATH\\public', 'APPPATH\\Libraries\\cfdi_sat', 'ROOTPATH\\public')
 8 SYSTEMPATH\CodeIgniter.php(927): App\Controllers\Factura->facturar('24')
 9 SYSTEMPATH\CodeIgniter.php(482): CodeIgniter\CodeIgniter->runController(Object(App\Controllers\Factura))
10 SYSTEMPATH\CodeIgniter.php(351): CodeIgniter\CodeIgniter->handleRequest(null, Object(Config\Cache), false)
11 FCPATH\index.php(67): CodeIgniter\CodeIgniter->run()
CRITICAL - 2022-12-01 17:49:16 --> Undefined constant "CodeIgniter\Debug\VENDORPATH"
in SYSTEMPATH\Debug\Exceptions.php on line 177.
 1 SYSTEMPATH\Debug\Exceptions.php(157): CodeIgniter\Debug\Exceptions->isFakerDeprecationError(8192, 'substr(): Passing null to parameter #1 ($string) of type string is deprecated', 'APPPATH\\Libraries\\cfdi_sat\\satxmlsv33.php', 250)
 2 [internal function]: CodeIgniter\Debug\Exceptions->errorHandler(8192, 'substr(): Passing null to parameter #1 ($string) of type string is deprecated', 'APPPATH\\Libraries\\cfdi_sat\\satxmlsv33.php', 250)
 3 APPPATH\Libraries\cfdi_sat\satxmlsv33.php(250): substr(null, 0, 4)
 4 APPPATH\Libraries\cfdi_sat\satxmlsv33.php(82): GeneraXML->satxmlsv33_xml_fech(null)
 5 APPPATH\Libraries\cfdi_sat\satxmlsv33.php(39): GeneraXML->satxmlsv33_generales([...], 'ROOTPATH\\public', 'APPPATH\\Libraries\\cfdi_sat', 'ROOTPATH\\public')
 6 APPPATH\Libraries\cfdi_sat\satxmlsv33.php(27): GeneraXML->satxmlsv33_genera_xml([...], 'ROOTPATH\\public', 'APPPATH\\Libraries\\cfdi_sat', 'ROOTPATH\\public')
 7 APPPATH\Controllers\Factura.php(66): GeneraXML->satxmlsv33([...], 'ROOTPATH\\public', 'APPPATH\\Libraries\\cfdi_sat', 'ROOTPATH\\public')
 8 SYSTEMPATH\CodeIgniter.php(927): App\Controllers\Factura->facturar('24')
 9 SYSTEMPATH\CodeIgniter.php(482): CodeIgniter\CodeIgniter->runController(Object(App\Controllers\Factura))
10 SYSTEMPATH\CodeIgniter.php(351): CodeIgniter\CodeIgniter->handleRequest(null, Object(Config\Cache), false)
11 FCPATH\index.php(67): CodeIgniter\CodeIgniter->run()
CRITICAL - 2022-12-01 17:49:18 --> Undefined constant "CodeIgniter\Debug\VENDORPATH"
in SYSTEMPATH\Debug\Exceptions.php on line 177.
 1 SYSTEMPATH\Debug\Exceptions.php(157): CodeIgniter\Debug\Exceptions->isFakerDeprecationError(8192, 'substr(): Passing null to parameter #1 ($string) of type string is deprecated', 'APPPATH\\Libraries\\cfdi_sat\\satxmlsv33.php', 250)
 2 [internal function]: CodeIgniter\Debug\Exceptions->errorHandler(8192, 'substr(): Passing null to parameter #1 ($string) of type string is deprecated', 'APPPATH\\Libraries\\cfdi_sat\\satxmlsv33.php', 250)
 3 APPPATH\Libraries\cfdi_sat\satxmlsv33.php(250): substr(null, 0, 4)
 4 APPPATH\Libraries\cfdi_sat\satxmlsv33.php(82): GeneraXML->satxmlsv33_xml_fech(null)
 5 APPPATH\Libraries\cfdi_sat\satxmlsv33.php(39): GeneraXML->satxmlsv33_generales([...], 'ROOTPATH\\public', 'APPPATH\\Libraries\\cfdi_sat', 'ROOTPATH\\public')
 6 APPPATH\Libraries\cfdi_sat\satxmlsv33.php(27): GeneraXML->satxmlsv33_genera_xml([...], 'ROOTPATH\\public', 'APPPATH\\Libraries\\cfdi_sat', 'ROOTPATH\\public')
 7 APPPATH\Controllers\Factura.php(66): GeneraXML->satxmlsv33([...], 'ROOTPATH\\public', 'APPPATH\\Libraries\\cfdi_sat', 'ROOTPATH\\public')
 8 SYSTEMPATH\CodeIgniter.php(927): App\Controllers\Factura->facturar('24')
 9 SYSTEMPATH\CodeIgniter.php(482): CodeIgniter\CodeIgniter->runController(Object(App\Controllers\Factura))
10 SYSTEMPATH\CodeIgniter.php(351): CodeIgniter\CodeIgniter->handleRequest(null, Object(Config\Cache), false)
11 FCPATH\index.php(67): CodeIgniter\CodeIgniter->run()
CRITICAL - 2022-12-01 17:54:01 --> Undefined constant "CodeIgniter\Debug\VENDORPATH"
in SYSTEMPATH\Debug\Exceptions.php on line 177.
 1 SYSTEMPATH\Debug\Exceptions.php(157): CodeIgniter\Debug\Exceptions->isFakerDeprecationError(8192, 'substr(): Passing null to parameter #1 ($string) of type string is deprecated', 'APPPATH\\Libraries\\cfdi_sat\\satxmlsv33.php', 250)
 2 [internal function]: CodeIgniter\Debug\Exceptions->errorHandler(8192, 'substr(): Passing null to parameter #1 ($string) of type string is deprecated', 'APPPATH\\Libraries\\cfdi_sat\\satxmlsv33.php', 250)
 3 APPPATH\Libraries\cfdi_sat\satxmlsv33.php(250): substr(null, 0, 4)
 4 APPPATH\Libraries\cfdi_sat\satxmlsv33.php(82): GeneraXML->satxmlsv33_xml_fech(null)
 5 APPPATH\Libraries\cfdi_sat\satxmlsv33.php(39): GeneraXML->satxmlsv33_generales([...], 'ROOTPATH\\public', 'APPPATH\\Libraries\\cfdi_sat', 'ROOTPATH\\public')
 6 APPPATH\Libraries\cfdi_sat\satxmlsv33.php(27): GeneraXML->satxmlsv33_genera_xml([...], 'ROOTPATH\\public', 'APPPATH\\Libraries\\cfdi_sat', 'ROOTPATH\\public')
 7 APPPATH\Controllers\Factura.php(66): GeneraXML->satxmlsv33([...], 'ROOTPATH\\public', 'APPPATH\\Libraries\\cfdi_sat', 'ROOTPATH\\public')
 8 SYSTEMPATH\CodeIgniter.php(927): App\Controllers\Factura->facturar('24')
 9 SYSTEMPATH\CodeIgniter.php(482): CodeIgniter\CodeIgniter->runController(Object(App\Controllers\Factura))
10 SYSTEMPATH\CodeIgniter.php(351): CodeIgniter\CodeIgniter->handleRequest(null, Object(Config\Cache), false)
11 FCPATH\index.php(67): CodeIgniter\CodeIgniter->run()
CRITICAL - 2022-12-01 17:58:05 --> Undefined constant "CodeIgniter\Debug\VENDORPATH"
in SYSTEMPATH\Debug\Exceptions.php on line 177.
 1 SYSTEMPATH\Debug\Exceptions.php(157): CodeIgniter\Debug\Exceptions->isFakerDeprecationError(8192, 'substr(): Passing null to parameter #1 ($string) of type string is deprecated', 'APPPATH\\Libraries\\cfdi_sat\\satxmlsv33.php', 250)
 2 [internal function]: CodeIgniter\Debug\Exceptions->errorHandler(8192, 'substr(): Passing null to parameter #1 ($string) of type string is deprecated', 'APPPATH\\Libraries\\cfdi_sat\\satxmlsv33.php', 250)
 3 APPPATH\Libraries\cfdi_sat\satxmlsv33.php(250): substr(null, 0, 4)
 4 APPPATH\Libraries\cfdi_sat\satxmlsv33.php(82): GeneraXML->satxmlsv33_xml_fech(null)
 5 APPPATH\Libraries\cfdi_sat\satxmlsv33.php(39): GeneraXML->satxmlsv33_generales([...], 'ROOTPATH\\public', 'APPPATH\\Libraries\\cfdi_sat', 'ROOTPATH\\public')
 6 APPPATH\Libraries\cfdi_sat\satxmlsv33.php(27): GeneraXML->satxmlsv33_genera_xml([...], 'ROOTPATH\\public', 'APPPATH\\Libraries\\cfdi_sat', 'ROOTPATH\\public')
 7 APPPATH\Controllers\Factura.php(66): GeneraXML->satxmlsv33([...], 'ROOTPATH\\public', 'APPPATH\\Libraries\\cfdi_sat', 'ROOTPATH\\public')
 8 SYSTEMPATH\CodeIgniter.php(927): App\Controllers\Factura->facturar('24')
 9 SYSTEMPATH\CodeIgniter.php(482): CodeIgniter\CodeIgniter->runController(Object(App\Controllers\Factura))
10 SYSTEMPATH\CodeIgniter.php(351): CodeIgniter\CodeIgniter->handleRequest(null, Object(Config\Cache), false)
11 FCPATH\index.php(67): CodeIgniter\CodeIgniter->run()
CRITICAL - 2022-12-01 17:58:09 --> Undefined constant "CodeIgniter\Debug\VENDORPATH"
in SYSTEMPATH\Debug\Exceptions.php on line 177.
 1 SYSTEMPATH\Debug\Exceptions.php(157): CodeIgniter\Debug\Exceptions->isFakerDeprecationError(8192, 'substr(): Passing null to parameter #1 ($string) of type string is deprecated', 'APPPATH\\Libraries\\cfdi_sat\\satxmlsv33.php', 250)
 2 [internal function]: CodeIgniter\Debug\Exceptions->errorHandler(8192, 'substr(): Passing null to parameter #1 ($string) of type string is deprecated', 'APPPATH\\Libraries\\cfdi_sat\\satxmlsv33.php', 250)
 3 APPPATH\Libraries\cfdi_sat\satxmlsv33.php(250): substr(null, 0, 4)
 4 APPPATH\Libraries\cfdi_sat\satxmlsv33.php(82): GeneraXML->satxmlsv33_xml_fech(null)
 5 APPPATH\Libraries\cfdi_sat\satxmlsv33.php(39): GeneraXML->satxmlsv33_generales([...], 'ROOTPATH\\public', 'APPPATH\\Libraries\\cfdi_sat', 'ROOTPATH\\public')
 6 APPPATH\Libraries\cfdi_sat\satxmlsv33.php(27): GeneraXML->satxmlsv33_genera_xml([...], 'ROOTPATH\\public', 'APPPATH\\Libraries\\cfdi_sat', 'ROOTPATH\\public')
 7 APPPATH\Controllers\Factura.php(66): GeneraXML->satxmlsv33([...], 'ROOTPATH\\public', 'APPPATH\\Libraries\\cfdi_sat', 'ROOTPATH\\public')
 8 SYSTEMPATH\CodeIgniter.php(927): App\Controllers\Factura->facturar('20')
 9 SYSTEMPATH\CodeIgniter.php(482): CodeIgniter\CodeIgniter->runController(Object(App\Controllers\Factura))
10 SYSTEMPATH\CodeIgniter.php(351): CodeIgniter\CodeIgniter->handleRequest(null, Object(Config\Cache), false)
11 FCPATH\index.php(67): CodeIgniter\CodeIgniter->run()
CRITICAL - 2022-12-01 18:00:18 --> Class "GeneraXML" not found
in APPPATH\Controllers\Factura.php on line 65.
 1 SYSTEMPATH\CodeIgniter.php(927): App\Controllers\Factura->facturar('20')
 2 SYSTEMPATH\CodeIgniter.php(482): CodeIgniter\CodeIgniter->runController(Object(App\Controllers\Factura))
 3 SYSTEMPATH\CodeIgniter.php(351): CodeIgniter\CodeIgniter->handleRequest(null, Object(Config\Cache), false)
 4 FCPATH\index.php(67): CodeIgniter\CodeIgniter->run()
CRITICAL - 2022-12-01 18:00:43 --> Undefined constant "CodeIgniter\Debug\VENDORPATH"
in SYSTEMPATH\Debug\Exceptions.php on line 177.
 1 SYSTEMPATH\Debug\Exceptions.php(157): CodeIgniter\Debug\Exceptions->isFakerDeprecationError(8192, 'substr(): Passing null to parameter #1 ($string) of type string is deprecated', 'APPPATH\\Libraries\\cfdi_sat\\satxmlsv33.php', 250)
 2 [internal function]: CodeIgniter\Debug\Exceptions->errorHandler(8192, 'substr(): Passing null to parameter #1 ($string) of type string is deprecated', 'APPPATH\\Libraries\\cfdi_sat\\satxmlsv33.php', 250)
 3 APPPATH\Libraries\cfdi_sat\satxmlsv33.php(250): substr(null, 0, 4)
 4 APPPATH\Libraries\cfdi_sat\satxmlsv33.php(82): GeneraXML->satxmlsv33_xml_fech(null)
 5 APPPATH\Libraries\cfdi_sat\satxmlsv33.php(39): GeneraXML->satxmlsv33_generales([...], 'ROOTPATH\\public', 'APPPATH\\Libraries\\cfdi_sat', 'ROOTPATH\\public')
 6 APPPATH\Libraries\cfdi_sat\satxmlsv33.php(27): GeneraXML->satxmlsv33_genera_xml([...], 'ROOTPATH\\public', 'APPPATH\\Libraries\\cfdi_sat', 'ROOTPATH\\public')
 7 APPPATH\Controllers\Factura.php(66): GeneraXML->satxmlsv33([...], 'ROOTPATH\\public', 'APPPATH\\Libraries\\cfdi_sat', 'ROOTPATH\\public')
 8 SYSTEMPATH\CodeIgniter.php(927): App\Controllers\Factura->facturar('20')
 9 SYSTEMPATH\CodeIgniter.php(482): CodeIgniter\CodeIgniter->runController(Object(App\Controllers\Factura))
10 SYSTEMPATH\CodeIgniter.php(351): CodeIgniter\CodeIgniter->handleRequest(null, Object(Config\Cache), false)
11 FCPATH\index.php(67): CodeIgniter\CodeIgniter->run()
CRITICAL - 2022-12-01 18:03:43 --> Undefined constant "CodeIgniter\Debug\VENDORPATH"
in SYSTEMPATH\Debug\Exceptions.php on line 177.
 1 SYSTEMPATH\Debug\Exceptions.php(157): CodeIgniter\Debug\Exceptions->isFakerDeprecationError(8192, 'substr(): Passing null to parameter #1 ($string) of type string is deprecated', 'APPPATH\\Libraries\\cfdi_sat\\satxmlsv33.php', 250)
 2 [internal function]: CodeIgniter\Debug\Exceptions->errorHandler(8192, 'substr(): Passing null to parameter #1 ($string) of type string is deprecated', 'APPPATH\\Libraries\\cfdi_sat\\satxmlsv33.php', 250)
 3 APPPATH\Libraries\cfdi_sat\satxmlsv33.php(250): substr(null, 0, 4)
 4 APPPATH\Libraries\cfdi_sat\satxmlsv33.php(82): GeneraXML->satxmlsv33_xml_fech(null)
 5 APPPATH\Libraries\cfdi_sat\satxmlsv33.php(39): GeneraXML->satxmlsv33_generales([...], 'ROOTPATH\\public', 'APPPATH\\Libraries\\cfdi_sat', 'ROOTPATH\\public')
 6 APPPATH\Libraries\cfdi_sat\satxmlsv33.php(27): GeneraXML->satxmlsv33_genera_xml([...], 'ROOTPATH\\public', 'APPPATH\\Libraries\\cfdi_sat', 'ROOTPATH\\public')
 7 APPPATH\Controllers\Factura.php(66): GeneraXML->satxmlsv33([...], 'ROOTPATH\\public', 'APPPATH\\Libraries\\cfdi_sat', 'ROOTPATH\\public')
 8 SYSTEMPATH\CodeIgniter.php(927): App\Controllers\Factura->facturar('20')
 9 SYSTEMPATH\CodeIgniter.php(482): CodeIgniter\CodeIgniter->runController(Object(App\Controllers\Factura))
10 SYSTEMPATH\CodeIgniter.php(351): CodeIgniter\CodeIgniter->handleRequest(null, Object(Config\Cache), false)
11 FCPATH\index.php(67): CodeIgniter\CodeIgniter->run()
CRITICAL - 2022-12-01 18:05:04 --> Undefined constant "CodeIgniter\Debug\VENDORPATH"
in SYSTEMPATH\Debug\Exceptions.php on line 177.
 1 SYSTEMPATH\Debug\Exceptions.php(157): CodeIgniter\Debug\Exceptions->isFakerDeprecationError(8192, 'substr(): Passing null to parameter #1 ($string) of type string is deprecated', 'APPPATH\\Libraries\\cfdi_sat\\satxmlsv33.php', 250)
 2 [internal function]: CodeIgniter\Debug\Exceptions->errorHandler(8192, 'substr(): Passing null to parameter #1 ($string) of type string is deprecated', 'APPPATH\\Libraries\\cfdi_sat\\satxmlsv33.php', 250)
 3 APPPATH\Libraries\cfdi_sat\satxmlsv33.php(250): substr(null, 0, 4)
 4 APPPATH\Libraries\cfdi_sat\satxmlsv33.php(82): GeneraXML->satxmlsv33_xml_fech(null)
 5 APPPATH\Libraries\cfdi_sat\satxmlsv33.php(39): GeneraXML->satxmlsv33_generales([...], 'ROOTPATH\\public', 'APPPATH\\Libraries\\cfdi_sat', 'ROOTPATH\\public')
 6 APPPATH\Libraries\cfdi_sat\satxmlsv33.php(27): GeneraXML->satxmlsv33_genera_xml([...], 'ROOTPATH\\public', 'APPPATH\\Libraries\\cfdi_sat', 'ROOTPATH\\public')
 7 APPPATH\Controllers\Factura.php(66): GeneraXML->satxmlsv33([...], 'ROOTPATH\\public', 'APPPATH\\Libraries\\cfdi_sat', 'ROOTPATH\\public')
 8 SYSTEMPATH\CodeIgniter.php(927): App\Controllers\Factura->facturar('23')
 9 SYSTEMPATH\CodeIgniter.php(482): CodeIgniter\CodeIgniter->runController(Object(App\Controllers\Factura))
10 SYSTEMPATH\CodeIgniter.php(351): CodeIgniter\CodeIgniter->handleRequest(null, Object(Config\Cache), false)
11 FCPATH\index.php(67): CodeIgniter\CodeIgniter->run()
CRITICAL - 2022-12-01 18:16:11 --> Undefined constant "CodeIgniter\Debug\VENDORPATH"
in SYSTEMPATH\Debug\Exceptions.php on line 177.
 1 SYSTEMPATH\Debug\Exceptions.php(157): CodeIgniter\Debug\Exceptions->isFakerDeprecationError(8192, 'substr(): Passing null to parameter #1 ($string) of type string is deprecated', 'APPPATH\\Libraries\\cfdi_sat\\satxmlsv33.php', 250)
 2 [internal function]: CodeIgniter\Debug\Exceptions->errorHandler(8192, 'substr(): Passing null to parameter #1 ($string) of type string is deprecated', 'APPPATH\\Libraries\\cfdi_sat\\satxmlsv33.php', 250)
 3 APPPATH\Libraries\cfdi_sat\satxmlsv33.php(250): substr(null, 0, 4)
 4 APPPATH\Libraries\cfdi_sat\satxmlsv33.php(82): GeneraXML->satxmlsv33_xml_fech(null)
 5 APPPATH\Libraries\cfdi_sat\satxmlsv33.php(39): GeneraXML->satxmlsv33_generales([...], 'ROOTPATH\\public', 'APPPATH\\Libraries\\cfdi_sat', 'ROOTPATH\\public')
 6 APPPATH\Libraries\cfdi_sat\satxmlsv33.php(27): GeneraXML->satxmlsv33_genera_xml([...], 'ROOTPATH\\public', 'APPPATH\\Libraries\\cfdi_sat', 'ROOTPATH\\public')
 7 APPPATH\Controllers\Factura.php(66): GeneraXML->satxmlsv33([...], 'ROOTPATH\\public', 'APPPATH\\Libraries\\cfdi_sat', 'ROOTPATH\\public')
 8 SYSTEMPATH\CodeIgniter.php(927): App\Controllers\Factura->facturar('23')
 9 SYSTEMPATH\CodeIgniter.php(482): CodeIgniter\CodeIgniter->runController(Object(App\Controllers\Factura))
10 SYSTEMPATH\CodeIgniter.php(351): CodeIgniter\CodeIgniter->handleRequest(null, Object(Config\Cache), false)
11 FCPATH\index.php(67): CodeIgniter\CodeIgniter->run()
CRITICAL - 2022-12-01 18:23:59 --> Undefined constant "CodeIgniter\Debug\VENDORPATH"
in SYSTEMPATH\Debug\Exceptions.php on line 177.
 1 SYSTEMPATH\Debug\Exceptions.php(157): CodeIgniter\Debug\Exceptions->isFakerDeprecationError(8192, 'substr(): Passing null to parameter #1 ($string) of type string is deprecated', 'APPPATH\\Libraries\\cfdi_sat\\satxmlsv33.php', 250)
 2 [internal function]: CodeIgniter\Debug\Exceptions->errorHandler(8192, 'substr(): Passing null to parameter #1 ($string) of type string is deprecated', 'APPPATH\\Libraries\\cfdi_sat\\satxmlsv33.php', 250)
 3 APPPATH\Libraries\cfdi_sat\satxmlsv33.php(250): substr(null, 0, 4)
 4 APPPATH\Libraries\cfdi_sat\satxmlsv33.php(82): GeneraXML->satxmlsv33_xml_fech(null)
 5 APPPATH\Libraries\cfdi_sat\satxmlsv33.php(39): GeneraXML->satxmlsv33_generales([...], 'ROOTPATH\\public', 'APPPATH\\Libraries\\cfdi_sat', 'ROOTPATH\\public')
 6 APPPATH\Libraries\cfdi_sat\satxmlsv33.php(27): GeneraXML->satxmlsv33_genera_xml([...], 'ROOTPATH\\public', 'APPPATH\\Libraries\\cfdi_sat', 'ROOTPATH\\public')
 7 APPPATH\Controllers\Factura.php(66): GeneraXML->satxmlsv33([...], 'ROOTPATH\\public', 'APPPATH\\Libraries\\cfdi_sat', 'ROOTPATH\\public')
 8 SYSTEMPATH\CodeIgniter.php(927): App\Controllers\Factura->facturar('24')
 9 SYSTEMPATH\CodeIgniter.php(482): CodeIgniter\CodeIgniter->runController(Object(App\Controllers\Factura))
10 SYSTEMPATH\CodeIgniter.php(351): CodeIgniter\CodeIgniter->handleRequest(null, Object(Config\Cache), false)
11 FCPATH\index.php(67): CodeIgniter\CodeIgniter->run()
CRITICAL - 2022-12-01 18:42:30 --> Class "GeneraXML" not found
in APPPATH\Controllers\Factura.php on line 65.
 1 SYSTEMPATH\CodeIgniter.php(927): App\Controllers\Factura->facturar('24')
 2 SYSTEMPATH\CodeIgniter.php(482): CodeIgniter\CodeIgniter->runController(Object(App\Controllers\Factura))
 3 SYSTEMPATH\CodeIgniter.php(351): CodeIgniter\CodeIgniter->handleRequest(null, Object(Config\Cache), false)
 4 FCPATH\index.php(67): CodeIgniter\CodeIgniter->run()
CRITICAL - 2022-12-01 18:00:36 --> Undefined constant "CodeIgniter\Debug\VENDORPATH"
in SYSTEMPATH\Debug\Exceptions.php on line 177.
 1 SYSTEMPATH\Debug\Exceptions.php(157): CodeIgniter\Debug\Exceptions->isFakerDeprecationError(8192, 'substr(): Passing null to parameter #1 ($string) of type string is deprecated', 'APPPATH\\Libraries\\cfdi_sat\\satxmlsv33.php', 250)
 2 [internal function]: CodeIgniter\Debug\Exceptions->errorHandler(8192, 'substr(): Passing null to parameter #1 ($string) of type string is deprecated', 'APPPATH\\Libraries\\cfdi_sat\\satxmlsv33.php', 250)
 3 APPPATH\Libraries\cfdi_sat\satxmlsv33.php(250): substr(null, 0, 4)
 4 APPPATH\Libraries\cfdi_sat\satxmlsv33.php(82): GeneraXML->satxmlsv33_xml_fech(null)
 5 APPPATH\Libraries\cfdi_sat\satxmlsv33.php(39): GeneraXML->satxmlsv33_generales([...], 'ROOTPATH\\public', 'APPPATH\\Libraries\\cfdi_sat', 'ROOTPATH\\public')
 6 APPPATH\Libraries\cfdi_sat\satxmlsv33.php(27): GeneraXML->satxmlsv33_genera_xml([...], 'ROOTPATH\\public', 'APPPATH\\Libraries\\cfdi_sat', 'ROOTPATH\\public')
 7 APPPATH\Controllers\Factura.php(62): GeneraXML->satxmlsv33([...], 'ROOTPATH\\public', 'APPPATH\\Libraries\\cfdi_sat', 'ROOTPATH\\public')
 8 SYSTEMPATH\CodeIgniter.php(927): App\Controllers\Factura->facturar('23')
 9 SYSTEMPATH\CodeIgniter.php(482): CodeIgniter\CodeIgniter->runController(Object(App\Controllers\Factura))
10 SYSTEMPATH\CodeIgniter.php(351): CodeIgniter\CodeIgniter->handleRequest(null, Object(Config\Cache), false)
11 FCPATH\index.php(67): CodeIgniter\CodeIgniter->run()
CRITICAL - 2022-12-01 18:00:50 --> Undefined constant "CodeIgniter\Debug\VENDORPATH"
in SYSTEMPATH\Debug\Exceptions.php on line 177.
 1 SYSTEMPATH\Debug\Exceptions.php(157): CodeIgniter\Debug\Exceptions->isFakerDeprecationError(8192, 'substr(): Passing null to parameter #1 ($string) of type string is deprecated', 'APPPATH\\Libraries\\cfdi_sat\\satxmlsv33.php', 250)
 2 [internal function]: CodeIgniter\Debug\Exceptions->errorHandler(8192, 'substr(): Passing null to parameter #1 ($string) of type string is deprecated', 'APPPATH\\Libraries\\cfdi_sat\\satxmlsv33.php', 250)
 3 APPPATH\Libraries\cfdi_sat\satxmlsv33.php(250): substr(null, 0, 4)
 4 APPPATH\Libraries\cfdi_sat\satxmlsv33.php(82): GeneraXML->satxmlsv33_xml_fech(null)
 5 APPPATH\Libraries\cfdi_sat\satxmlsv33.php(39): GeneraXML->satxmlsv33_generales([...], 'ROOTPATH\\public', 'APPPATH\\Libraries\\cfdi_sat', 'ROOTPATH\\public')
 6 APPPATH\Libraries\cfdi_sat\satxmlsv33.php(27): GeneraXML->satxmlsv33_genera_xml([...], 'ROOTPATH\\public', 'APPPATH\\Libraries\\cfdi_sat', 'ROOTPATH\\public')
 7 APPPATH\Controllers\Factura.php(62): GeneraXML->satxmlsv33([...], 'ROOTPATH\\public', 'APPPATH\\Libraries\\cfdi_sat', 'ROOTPATH\\public')
 8 SYSTEMPATH\CodeIgniter.php(927): App\Controllers\Factura->facturar('23')
 9 SYSTEMPATH\CodeIgniter.php(482): CodeIgniter\CodeIgniter->runController(Object(App\Controllers\Factura))
10 SYSTEMPATH\CodeIgniter.php(351): CodeIgniter\CodeIgniter->handleRequest(null, Object(Config\Cache), false)
11 FCPATH\index.php(67): CodeIgniter\CodeIgniter->run()
CRITICAL - 2022-12-01 18:01:00 --> Undefined variable $xmlBase
in APPPATH\Controllers\Factura.php on line 64.
 1 APPPATH\Controllers\Factura.php(64): CodeIgniter\Debug\Exceptions->errorHandler(2, 'Undefined variable $xmlBase', 'APPPATH\\Controllers\\Factura.php', 64)
 2 SYSTEMPATH\CodeIgniter.php(927): App\Controllers\Factura->facturar('23')
 3 SYSTEMPATH\CodeIgniter.php(482): CodeIgniter\CodeIgniter->runController(Object(App\Controllers\Factura))
 4 SYSTEMPATH\CodeIgniter.php(351): CodeIgniter\CodeIgniter->handleRequest(null, Object(Config\Cache), false)
 5 FCPATH\index.php(67): CodeIgniter\CodeIgniter->run()
CRITICAL - 2022-12-01 18:03:09 --> Undefined constant "CodeIgniter\Debug\VENDORPATH"
in SYSTEMPATH\Debug\Exceptions.php on line 177.
 1 SYSTEMPATH\Debug\Exceptions.php(157): CodeIgniter\Debug\Exceptions->isFakerDeprecationError(8192, 'substr(): Passing null to parameter #1 ($string) of type string is deprecated', 'APPPATH\\Libraries\\cfdi_sat\\satxmlsv33.php', 250)
 2 [internal function]: CodeIgniter\Debug\Exceptions->errorHandler(8192, 'substr(): Passing null to parameter #1 ($string) of type string is deprecated', 'APPPATH\\Libraries\\cfdi_sat\\satxmlsv33.php', 250)
 3 APPPATH\Libraries\cfdi_sat\satxmlsv33.php(250): substr(null, 0, 4)
 4 APPPATH\Libraries\cfdi_sat\satxmlsv33.php(82): GeneraXML->satxmlsv33_xml_fech(null)
 5 APPPATH\Libraries\cfdi_sat\satxmlsv33.php(39): GeneraXML->satxmlsv33_generales([...], 'ROOTPATH\\public', 'ROOTPATH\\public', 'ROOTPATH\\public')
 6 APPPATH\Libraries\cfdi_sat\satxmlsv33.php(27): GeneraXML->satxmlsv33_genera_xml([...], 'ROOTPATH\\public', 'ROOTPATH\\public', 'ROOTPATH\\public')
 7 APPPATH\Controllers\Factura.php(62): GeneraXML->satxmlsv33([...], 'ROOTPATH\\public', 'ROOTPATH\\public', 'ROOTPATH\\public')
 8 SYSTEMPATH\CodeIgniter.php(927): App\Controllers\Factura->facturar('23')
 9 SYSTEMPATH\CodeIgniter.php(482): CodeIgniter\CodeIgniter->runController(Object(App\Controllers\Factura))
10 SYSTEMPATH\CodeIgniter.php(351): CodeIgniter\CodeIgniter->handleRequest(null, Object(Config\Cache), false)
11 FCPATH\index.php(67): CodeIgniter\CodeIgniter->run()
CRITICAL - 2022-12-01 18:03:17 --> Cannot access offset of type string on string
in APPPATH\Libraries\cfdi_sat\satxmlsv33.php on line 64.
 1 APPPATH\Libraries\cfdi_sat\satxmlsv33.php(39): GeneraXML->satxmlsv33_generales('ROOTPATH\\public', 'ROOTPATH\\public', 'ROOTPATH\\public', 'ROOTPATH\\public')
 2 APPPATH\Libraries\cfdi_sat\satxmlsv33.php(27): GeneraXML->satxmlsv33_genera_xml('ROOTPATH\\public', 'ROOTPATH\\public', 'ROOTPATH\\public', 'ROOTPATH\\public')
 3 APPPATH\Controllers\Factura.php(62): GeneraXML->satxmlsv33('ROOTPATH\\public', 'ROOTPATH\\public', 'ROOTPATH\\public', 'ROOTPATH\\public')
 4 SYSTEMPATH\CodeIgniter.php(927): App\Controllers\Factura->facturar('23')
 5 SYSTEMPATH\CodeIgniter.php(482): CodeIgniter\CodeIgniter->runController(Object(App\Controllers\Factura))
 6 SYSTEMPATH\CodeIgniter.php(351): CodeIgniter\CodeIgniter->handleRequest(null, Object(Config\Cache), false)
 7 FCPATH\index.php(67): CodeIgniter\CodeIgniter->run()
CRITICAL - 2022-12-01 18:04:08 --> Undefined constant "CodeIgniter\Debug\VENDORPATH"
in SYSTEMPATH\Debug\Exceptions.php on line 177.
 1 SYSTEMPATH\Debug\Exceptions.php(157): CodeIgniter\Debug\Exceptions->isFakerDeprecationError(8192, 'substr(): Passing null to parameter #1 ($string) of type string is deprecated', 'APPPATH\\Libraries\\cfdi_sat\\satxmlsv33.php', 250)
 2 [internal function]: CodeIgniter\Debug\Exceptions->errorHandler(8192, 'substr(): Passing null to parameter #1 ($string) of type string is deprecated', 'APPPATH\\Libraries\\cfdi_sat\\satxmlsv33.php', 250)
 3 APPPATH\Libraries\cfdi_sat\satxmlsv33.php(250): substr(null, 0, 4)
 4 APPPATH\Libraries\cfdi_sat\satxmlsv33.php(82): GeneraXML->satxmlsv33_xml_fech(null)
 5 APPPATH\Libraries\cfdi_sat\satxmlsv33.php(39): GeneraXML->satxmlsv33_generales([...], 'ROOTPATH\\public', 'APPPATH\\Libraries\\cfdi_sat', 'ROOTPATH\\public')
 6 APPPATH\Libraries\cfdi_sat\satxmlsv33.php(27): GeneraXML->satxmlsv33_genera_xml([...], 'ROOTPATH\\public', 'APPPATH\\Libraries\\cfdi_sat', 'ROOTPATH\\public')
 7 APPPATH\Controllers\Factura.php(62): GeneraXML->satxmlsv33([...], 'ROOTPATH\\public', 'APPPATH\\Libraries\\cfdi_sat', 'ROOTPATH\\public')
 8 SYSTEMPATH\CodeIgniter.php(927): App\Controllers\Factura->facturar('23')
 9 SYSTEMPATH\CodeIgniter.php(482): CodeIgniter\CodeIgniter->runController(Object(App\Controllers\Factura))
10 SYSTEMPATH\CodeIgniter.php(351): CodeIgniter\CodeIgniter->handleRequest(null, Object(Config\Cache), false)
11 FCPATH\index.php(67): CodeIgniter\CodeIgniter->run()
CRITICAL - 2022-12-01 18:04:14 --> Undefined constant "CodeIgniter\Debug\VENDORPATH"
in SYSTEMPATH\Debug\Exceptions.php on line 177.
 1 SYSTEMPATH\Debug\Exceptions.php(157): CodeIgniter\Debug\Exceptions->isFakerDeprecationError(8192, 'substr(): Passing null to parameter #1 ($string) of type string is deprecated', 'APPPATH\\Libraries\\cfdi_sat\\satxmlsv33.php', 250)
 2 [internal function]: CodeIgniter\Debug\Exceptions->errorHandler(8192, 'substr(): Passing null to parameter #1 ($string) of type string is deprecated', 'APPPATH\\Libraries\\cfdi_sat\\satxmlsv33.php', 250)
 3 APPPATH\Libraries\cfdi_sat\satxmlsv33.php(250): substr(null, 0, 4)
 4 APPPATH\Libraries\cfdi_sat\satxmlsv33.php(82): GeneraXML->satxmlsv33_xml_fech(null)
 5 APPPATH\Libraries\cfdi_sat\satxmlsv33.php(39): GeneraXML->satxmlsv33_generales([...], 'ROOTPATH\\public', 'APPPATH\\Libraries\\cfdi_sat', 'ROOTPATH\\public')
 6 APPPATH\Libraries\cfdi_sat\satxmlsv33.php(27): GeneraXML->satxmlsv33_genera_xml([...], 'ROOTPATH\\public', 'APPPATH\\Libraries\\cfdi_sat', 'ROOTPATH\\public')
 7 APPPATH\Controllers\Factura.php(62): GeneraXML->satxmlsv33([...], 'ROOTPATH\\public', 'APPPATH\\Libraries\\cfdi_sat', 'ROOTPATH\\public')
 8 SYSTEMPATH\CodeIgniter.php(927): App\Controllers\Factura->facturar('23')
 9 SYSTEMPATH\CodeIgniter.php(482): CodeIgniter\CodeIgniter->runController(Object(App\Controllers\Factura))
10 SYSTEMPATH\CodeIgniter.php(351): CodeIgniter\CodeIgniter->handleRequest(null, Object(Config\Cache), false)
11 FCPATH\index.php(67): CodeIgniter\CodeIgniter->run()
CRITICAL - 2022-12-01 18:05:07 --> Undefined constant "CodeIgniter\Debug\VENDORPATH"
in SYSTEMPATH\Debug\Exceptions.php on line 177.
 1 SYSTEMPATH\Debug\Exceptions.php(157): CodeIgniter\Debug\Exceptions->isFakerDeprecationError(8192, 'substr(): Passing null to parameter #1 ($string) of type string is deprecated', 'APPPATH\\Libraries\\cfdi_sat\\satxmlsv33.php', 250)
 2 [internal function]: CodeIgniter\Debug\Exceptions->errorHandler(8192, 'substr(): Passing null to parameter #1 ($string) of type string is deprecated', 'APPPATH\\Libraries\\cfdi_sat\\satxmlsv33.php', 250)
 3 APPPATH\Libraries\cfdi_sat\satxmlsv33.php(250): substr(null, 0, 4)
 4 APPPATH\Libraries\cfdi_sat\satxmlsv33.php(82): GeneraXML->satxmlsv33_xml_fech(null)
 5 APPPATH\Libraries\cfdi_sat\satxmlsv33.php(39): GeneraXML->satxmlsv33_generales([...], 'ROOTPATH\\public', 'APPPATH\\Libraries\\cfdi_sat', 'ROOTPATH\\public')
 6 APPPATH\Libraries\cfdi_sat\satxmlsv33.php(27): GeneraXML->satxmlsv33_genera_xml([...], 'ROOTPATH\\public', 'APPPATH\\Libraries\\cfdi_sat', 'ROOTPATH\\public')
 7 APPPATH\Controllers\Factura.php(62): GeneraXML->satxmlsv33([...], 'ROOTPATH\\public', 'APPPATH\\Libraries\\cfdi_sat', 'ROOTPATH\\public')
 8 SYSTEMPATH\CodeIgniter.php(927): App\Controllers\Factura->facturar('23')
 9 SYSTEMPATH\CodeIgniter.php(482): CodeIgniter\CodeIgniter->runController(Object(App\Controllers\Factura))
10 SYSTEMPATH\CodeIgniter.php(351): CodeIgniter\CodeIgniter->handleRequest(null, Object(Config\Cache), false)
11 FCPATH\index.php(67): CodeIgniter\CodeIgniter->run()
CRITICAL - 2022-12-01 18:05:28 --> Undefined constant "CodeIgniter\Debug\VENDORPATH"
in SYSTEMPATH\Debug\Exceptions.php on line 177.
 1 SYSTEMPATH\Debug\Exceptions.php(157): CodeIgniter\Debug\Exceptions->isFakerDeprecationError(8192, 'substr(): Passing null to parameter #1 ($string) of type string is deprecated', 'APPPATH\\Libraries\\cfdi_sat\\satxmlsv33.php', 251)
 2 [internal function]: CodeIgniter\Debug\Exceptions->errorHandler(8192, 'substr(): Passing null to parameter #1 ($string) of type string is deprecated', 'APPPATH\\Libraries\\cfdi_sat\\satxmlsv33.php', 251)
 3 APPPATH\Libraries\cfdi_sat\satxmlsv33.php(251): substr(null, 0, 4)
 4 APPPATH\Libraries\cfdi_sat\satxmlsv33.php(83): GeneraXML->satxmlsv33_xml_fech(null)
 5 APPPATH\Libraries\cfdi_sat\satxmlsv33.php(40): GeneraXML->satxmlsv33_generales([...], 'ROOTPATH\\public', 'APPPATH\\Libraries\\cfdi_sat', 'ROOTPATH\\public')
 6 APPPATH\Libraries\cfdi_sat\satxmlsv33.php(28): GeneraXML->satxmlsv33_genera_xml([...], 'ROOTPATH\\public', 'APPPATH\\Libraries\\cfdi_sat', 'ROOTPATH\\public')
 7 APPPATH\Controllers\Factura.php(62): GeneraXML->satxmlsv33([...], 'ROOTPATH\\public', 'APPPATH\\Libraries\\cfdi_sat', 'ROOTPATH\\public')
 8 SYSTEMPATH\CodeIgniter.php(927): App\Controllers\Factura->facturar('23')
 9 SYSTEMPATH\CodeIgniter.php(482): CodeIgniter\CodeIgniter->runController(Object(App\Controllers\Factura))
10 SYSTEMPATH\CodeIgniter.php(351): CodeIgniter\CodeIgniter->handleRequest(null, Object(Config\Cache), false)
11 FCPATH\index.php(67): CodeIgniter\CodeIgniter->run()
CRITICAL - 2022-12-01 18:05:31 --> Undefined constant "CodeIgniter\Debug\VENDORPATH"
in SYSTEMPATH\Debug\Exceptions.php on line 177.
 1 SYSTEMPATH\Debug\Exceptions.php(157): CodeIgniter\Debug\Exceptions->isFakerDeprecationError(8192, 'substr(): Passing null to parameter #1 ($string) of type string is deprecated', 'APPPATH\\Libraries\\cfdi_sat\\satxmlsv33.php', 251)
 2 [internal function]: CodeIgniter\Debug\Exceptions->errorHandler(8192, 'substr(): Passing null to parameter #1 ($string) of type string is deprecated', 'APPPATH\\Libraries\\cfdi_sat\\satxmlsv33.php', 251)
 3 APPPATH\Libraries\cfdi_sat\satxmlsv33.php(251): substr(null, 0, 4)
 4 APPPATH\Libraries\cfdi_sat\satxmlsv33.php(83): GeneraXML->satxmlsv33_xml_fech(null)
 5 APPPATH\Libraries\cfdi_sat\satxmlsv33.php(40): GeneraXML->satxmlsv33_generales([...], 'ROOTPATH\\public', 'APPPATH\\Libraries\\cfdi_sat', 'ROOTPATH\\public')
 6 APPPATH\Libraries\cfdi_sat\satxmlsv33.php(28): GeneraXML->satxmlsv33_genera_xml([...], 'ROOTPATH\\public', 'APPPATH\\Libraries\\cfdi_sat', 'ROOTPATH\\public')
 7 APPPATH\Controllers\Factura.php(62): GeneraXML->satxmlsv33([...], 'ROOTPATH\\public', 'APPPATH\\Libraries\\cfdi_sat', 'ROOTPATH\\public')
 8 SYSTEMPATH\CodeIgniter.php(927): App\Controllers\Factura->facturar('23')
 9 SYSTEMPATH\CodeIgniter.php(482): CodeIgniter\CodeIgniter->runController(Object(App\Controllers\Factura))
10 SYSTEMPATH\CodeIgniter.php(351): CodeIgniter\CodeIgniter->handleRequest(null, Object(Config\Cache), false)
11 FCPATH\index.php(67): CodeIgniter\CodeIgniter->run()
CRITICAL - 2022-12-01 18:07:30 --> Undefined constant "CodeIgniter\Debug\VENDORPATH"
in SYSTEMPATH\Debug\Exceptions.php on line 177.
 1 SYSTEMPATH\Debug\Exceptions.php(157): CodeIgniter\Debug\Exceptions->isFakerDeprecationError(8192, 'substr(): Passing null to parameter #1 ($string) of type string is deprecated', 'APPPATH\\Libraries\\cfdi_sat\\satxmlsv33.php', 250)
 2 [internal function]: CodeIgniter\Debug\Exceptions->errorHandler(8192, 'substr(): Passing null to parameter #1 ($string) of type string is deprecated', 'APPPATH\\Libraries\\cfdi_sat\\satxmlsv33.php', 250)
 3 APPPATH\Libraries\cfdi_sat\satxmlsv33.php(250): substr(null, 0, 4)
 4 APPPATH\Libraries\cfdi_sat\satxmlsv33.php(82): GeneraXML->satxmlsv33_xml_fech(null)
 5 APPPATH\Libraries\cfdi_sat\satxmlsv33.php(39): GeneraXML->satxmlsv33_generales([...], 'ROOTPATH\\public', 'APPPATH\\Libraries\\cfdi_sat', 'ROOTPATH\\public')
 6 APPPATH\Libraries\cfdi_sat\satxmlsv33.php(27): GeneraXML->satxmlsv33_genera_xml([...], 'ROOTPATH\\public', 'APPPATH\\Libraries\\cfdi_sat', 'ROOTPATH\\public')
 7 APPPATH\Controllers\Factura.php(62): GeneraXML->satxmlsv33([...], 'ROOTPATH\\public', 'APPPATH\\Libraries\\cfdi_sat', 'ROOTPATH\\public')
 8 SYSTEMPATH\CodeIgniter.php(927): App\Controllers\Factura->facturar('23')
 9 SYSTEMPATH\CodeIgniter.php(482): CodeIgniter\CodeIgniter->runController(Object(App\Controllers\Factura))
10 SYSTEMPATH\CodeIgniter.php(351): CodeIgniter\CodeIgniter->handleRequest(null, Object(Config\Cache), false)
11 FCPATH\index.php(67): CodeIgniter\CodeIgniter->run()
CRITICAL - 2022-12-01 18:09:13 --> Undefined constant "CodeIgniter\Debug\VENDORPATH"
in SYSTEMPATH\Debug\Exceptions.php on line 177.
 1 SYSTEMPATH\Debug\Exceptions.php(157): CodeIgniter\Debug\Exceptions->isFakerDeprecationError(8192, 'substr(): Passing null to parameter #1 ($string) of type string is deprecated', 'APPPATH\\Libraries\\cfdi_sat\\satxmlsv33.php', 250)
 2 [internal function]: CodeIgniter\Debug\Exceptions->errorHandler(8192, 'substr(): Passing null to parameter #1 ($string) of type string is deprecated', 'APPPATH\\Libraries\\cfdi_sat\\satxmlsv33.php', 250)
 3 APPPATH\Libraries\cfdi_sat\satxmlsv33.php(250): substr(null, 0, 4)
 4 APPPATH\Libraries\cfdi_sat\satxmlsv33.php(82): GeneraXML->satxmlsv33_xml_fech(null)
 5 APPPATH\Libraries\cfdi_sat\satxmlsv33.php(39): GeneraXML->satxmlsv33_generales([...], 'ROOTPATH\\public', 'APPPATH\\Libraries\\cfdi_sat', 'ROOTPATH\\public')
 6 APPPATH\Libraries\cfdi_sat\satxmlsv33.php(27): GeneraXML->satxmlsv33_genera_xml([...], 'ROOTPATH\\public', 'APPPATH\\Libraries\\cfdi_sat', 'ROOTPATH\\public')
 7 APPPATH\Controllers\Factura.php(62): GeneraXML->satxmlsv33([...], 'ROOTPATH\\public', 'APPPATH\\Libraries\\cfdi_sat', 'ROOTPATH\\public')
 8 SYSTEMPATH\CodeIgniter.php(927): App\Controllers\Factura->facturar('23')
 9 SYSTEMPATH\CodeIgniter.php(482): CodeIgniter\CodeIgniter->runController(Object(App\Controllers\Factura))
10 SYSTEMPATH\CodeIgniter.php(351): CodeIgniter\CodeIgniter->handleRequest(null, Object(Config\Cache), false)
11 FCPATH\index.php(67): CodeIgniter\CodeIgniter->run()
CRITICAL - 2022-12-01 18:09:39 --> Undefined constant "CodeIgniter\Debug\VENDORPATH"
in SYSTEMPATH\Debug\Exceptions.php on line 177.
 1 SYSTEMPATH\Debug\Exceptions.php(157): CodeIgniter\Debug\Exceptions->isFakerDeprecationError(8192, 'substr(): Passing null to parameter #1 ($string) of type string is deprecated', 'APPPATH\\Libraries\\cfdi_sat\\satxmlsv33.php', 250)
 2 [internal function]: CodeIgniter\Debug\Exceptions->errorHandler(8192, 'substr(): Passing null to parameter #1 ($string) of type string is deprecated', 'APPPATH\\Libraries\\cfdi_sat\\satxmlsv33.php', 250)
 3 APPPATH\Libraries\cfdi_sat\satxmlsv33.php(250): substr(null, 0, 4)
 4 APPPATH\Libraries\cfdi_sat\satxmlsv33.php(82): GeneraXML->satxmlsv33_xml_fech(null)
 5 APPPATH\Libraries\cfdi_sat\satxmlsv33.php(39): GeneraXML->satxmlsv33_generales([...], 'ROOTPATH\\public', 'APPPATH\\Libraries\\cfdi_sat', 'ROOTPATH\\public')
 6 APPPATH\Libraries\cfdi_sat\satxmlsv33.php(27): GeneraXML->satxmlsv33_genera_xml([...], 'ROOTPATH\\public', 'APPPATH\\Libraries\\cfdi_sat', 'ROOTPATH\\public')
 7 APPPATH\Controllers\Factura.php(62): GeneraXML->satxmlsv33([...], 'ROOTPATH\\public', 'APPPATH\\Libraries\\cfdi_sat', 'ROOTPATH\\public')
 8 SYSTEMPATH\CodeIgniter.php(927): App\Controllers\Factura->facturar('23')
 9 SYSTEMPATH\CodeIgniter.php(482): CodeIgniter\CodeIgniter->runController(Object(App\Controllers\Factura))
10 SYSTEMPATH\CodeIgniter.php(351): CodeIgniter\CodeIgniter->handleRequest(null, Object(Config\Cache), false)
11 FCPATH\index.php(67): CodeIgniter\CodeIgniter->run()
CRITICAL - 2022-12-01 18:11:20 --> Undefined constant "CodeIgniter\Debug\VENDORPATH"
in SYSTEMPATH\Debug\Exceptions.php on line 177.
 1 SYSTEMPATH\Debug\Exceptions.php(157): CodeIgniter\Debug\Exceptions->isFakerDeprecationError(8192, 'substr(): Passing null to parameter #1 ($string) of type string is deprecated', 'APPPATH\\Libraries\\cfdi_sat\\satxmlsv33.php', 250)
 2 [internal function]: CodeIgniter\Debug\Exceptions->errorHandler(8192, 'substr(): Passing null to parameter #1 ($string) of type string is deprecated', 'APPPATH\\Libraries\\cfdi_sat\\satxmlsv33.php', 250)
 3 APPPATH\Libraries\cfdi_sat\satxmlsv33.php(250): substr(null, 0, 4)
 4 APPPATH\Libraries\cfdi_sat\satxmlsv33.php(82): GeneraXML->satxmlsv33_xml_fech(null)
 5 APPPATH\Libraries\cfdi_sat\satxmlsv33.php(39): GeneraXML->satxmlsv33_generales([...], 'ROOTPATH\\public', 'APPPATH\\Libraries\\cfdi_sat', 'ROOTPATH\\public')
 6 APPPATH\Libraries\cfdi_sat\satxmlsv33.php(27): GeneraXML->satxmlsv33_genera_xml([...], 'ROOTPATH\\public', 'APPPATH\\Libraries\\cfdi_sat', 'ROOTPATH\\public')
 7 APPPATH\Controllers\Factura.php(62): GeneraXML->satxmlsv33([...], 'ROOTPATH\\public', 'APPPATH\\Libraries\\cfdi_sat', 'ROOTPATH\\public')
 8 SYSTEMPATH\CodeIgniter.php(927): App\Controllers\Factura->facturar('23')
 9 SYSTEMPATH\CodeIgniter.php(482): CodeIgniter\CodeIgniter->runController(Object(App\Controllers\Factura))
10 SYSTEMPATH\CodeIgniter.php(351): CodeIgniter\CodeIgniter->handleRequest(null, Object(Config\Cache), false)
11 FCPATH\index.php(67): CodeIgniter\CodeIgniter->run()
CRITICAL - 2022-12-01 18:29:20 --> Undefined constant "CodeIgniter\Debug\VENDORPATH"
in SYSTEMPATH\Debug\Exceptions.php on line 177.
 1 SYSTEMPATH\Debug\Exceptions.php(157): CodeIgniter\Debug\Exceptions->isFakerDeprecationError(8192, 'substr(): Passing null to parameter #1 ($string) of type string is deprecated', 'APPPATH\\Libraries\\cfdi_sat\\satxmlsv33.php', 250)
 2 [internal function]: CodeIgniter\Debug\Exceptions->errorHandler(8192, 'substr(): Passing null to parameter #1 ($string) of type string is deprecated', 'APPPATH\\Libraries\\cfdi_sat\\satxmlsv33.php', 250)
 3 APPPATH\Libraries\cfdi_sat\satxmlsv33.php(250): substr(null, 0, 4)
 4 APPPATH\Libraries\cfdi_sat\satxmlsv33.php(82): GeneraXML->satxmlsv33_xml_fech(null)
 5 APPPATH\Libraries\cfdi_sat\satxmlsv33.php(39): GeneraXML->satxmlsv33_generales([...], 'ROOTPATH\\public', 'APPPATH\\Libraries\\cfdi_sat', 'ROOTPATH\\public')
 6 APPPATH\Libraries\cfdi_sat\satxmlsv33.php(27): GeneraXML->satxmlsv33_genera_xml([...], 'ROOTPATH\\public', 'APPPATH\\Libraries\\cfdi_sat', 'ROOTPATH\\public')
 7 APPPATH\Controllers\Factura.php(62): GeneraXML->satxmlsv33([...], 'ROOTPATH\\public', 'APPPATH\\Libraries\\cfdi_sat', 'ROOTPATH\\public')
 8 SYSTEMPATH\CodeIgniter.php(927): App\Controllers\Factura->facturar('22')
 9 SYSTEMPATH\CodeIgniter.php(482): CodeIgniter\CodeIgniter->runController(Object(App\Controllers\Factura))
10 SYSTEMPATH\CodeIgniter.php(351): CodeIgniter\CodeIgniter->handleRequest(null, Object(Config\Cache), false)
11 FCPATH\index.php(67): CodeIgniter\CodeIgniter->run()
CRITICAL - 2022-12-01 18:29:45 --> substr(): Passing null to parameter #1 ($string) of type string is deprecated
in APPPATH\Libraries\cfdi_sat\satxmlsv33.php on line 250.
 1 [internal function]: CodeIgniter\Debug\Exceptions->errorHandler(8192, 'substr(): Passing null to parameter #1 ($string) of type string is deprecated', 'APPPATH\\Libraries\\cfdi_sat\\satxmlsv33.php', 250)
 2 APPPATH\Libraries\cfdi_sat\satxmlsv33.php(250): substr(null, 0, 4)
 3 APPPATH\Libraries\cfdi_sat\satxmlsv33.php(82): GeneraXML->satxmlsv33_xml_fech(null)
 4 APPPATH\Libraries\cfdi_sat\satxmlsv33.php(39): GeneraXML->satxmlsv33_generales([...], 'ROOTPATH\\public', 'APPPATH\\Libraries\\cfdi_sat', 'ROOTPATH\\public')
 5 APPPATH\Libraries\cfdi_sat\satxmlsv33.php(27): GeneraXML->satxmlsv33_genera_xml([...], 'ROOTPATH\\public', 'APPPATH\\Libraries\\cfdi_sat', 'ROOTPATH\\public')
 6 APPPATH\Controllers\Factura.php(62): GeneraXML->satxmlsv33([...], 'ROOTPATH\\public', 'APPPATH\\Libraries\\cfdi_sat', 'ROOTPATH\\public')
 7 SYSTEMPATH\CodeIgniter.php(927): App\Controllers\Factura->facturar('22')
 8 SYSTEMPATH\CodeIgniter.php(482): CodeIgniter\CodeIgniter->runController(Object(App\Controllers\Factura))
 9 SYSTEMPATH\CodeIgniter.php(351): CodeIgniter\CodeIgniter->handleRequest(null, Object(Config\Cache), false)
10 FCPATH\index.php(67): CodeIgniter\CodeIgniter->run()
CRITICAL - 2022-12-01 18:31:43 --> substr(): Passing null to parameter #1 ($string) of type string is deprecated
in APPPATH\Libraries\cfdi_sat\satxmlsv33.php on line 250.
 1 [internal function]: CodeIgniter\Debug\Exceptions->errorHandler(8192, 'substr(): Passing null to parameter #1 ($string) of type string is deprecated', 'APPPATH\\Libraries\\cfdi_sat\\satxmlsv33.php', 250)
 2 APPPATH\Libraries\cfdi_sat\satxmlsv33.php(250): substr(null, 0, 4)
 3 APPPATH\Libraries\cfdi_sat\satxmlsv33.php(82): GeneraXML->satxmlsv33_xml_fech(null)
 4 APPPATH\Libraries\cfdi_sat\satxmlsv33.php(39): GeneraXML->satxmlsv33_generales([...], 'ROOTPATH\\public', 'APPPATH\\Libraries\\cfdi_sat', 'ROOTPATH\\public')
 5 APPPATH\Libraries\cfdi_sat\satxmlsv33.php(27): GeneraXML->satxmlsv33_genera_xml([...], 'ROOTPATH\\public', 'APPPATH\\Libraries\\cfdi_sat', 'ROOTPATH\\public')
 6 APPPATH\Controllers\Factura.php(62): GeneraXML->satxmlsv33([...], 'ROOTPATH\\public', 'APPPATH\\Libraries\\cfdi_sat', 'ROOTPATH\\public')
 7 SYSTEMPATH\CodeIgniter.php(927): App\Controllers\Factura->facturar('22')
 8 SYSTEMPATH\CodeIgniter.php(482): CodeIgniter\CodeIgniter->runController(Object(App\Controllers\Factura))
 9 SYSTEMPATH\CodeIgniter.php(351): CodeIgniter\CodeIgniter->handleRequest(null, Object(Config\Cache), false)
10 FCPATH\index.php(67): CodeIgniter\CodeIgniter->run()
CRITICAL - 2022-12-01 18:31:53 --> substr(): Passing null to parameter #1 ($string) of type string is deprecated
in APPPATH\Libraries\cfdi_sat\satxmlsv33.php on line 250.
 1 [internal function]: CodeIgniter\Debug\Exceptions->errorHandler(8192, 'substr(): Passing null to parameter #1 ($string) of type string is deprecated', 'APPPATH\\Libraries\\cfdi_sat\\satxmlsv33.php', 250)
 2 APPPATH\Libraries\cfdi_sat\satxmlsv33.php(250): substr(null, 0, 4)
 3 APPPATH\Libraries\cfdi_sat\satxmlsv33.php(82): GeneraXML->satxmlsv33_xml_fech(null)
 4 APPPATH\Libraries\cfdi_sat\satxmlsv33.php(39): GeneraXML->satxmlsv33_generales([...], 'ROOTPATH\\public', 'APPPATH\\Libraries\\cfdi_sat', 'ROOTPATH\\public')
 5 APPPATH\Libraries\cfdi_sat\satxmlsv33.php(27): GeneraXML->satxmlsv33_genera_xml([...], 'ROOTPATH\\public', 'APPPATH\\Libraries\\cfdi_sat', 'ROOTPATH\\public')
 6 APPPATH\Controllers\Factura.php(62): GeneraXML->satxmlsv33([...], 'ROOTPATH\\public', 'APPPATH\\Libraries\\cfdi_sat', 'ROOTPATH\\public')
 7 SYSTEMPATH\CodeIgniter.php(927): App\Controllers\Factura->facturar('22')
 8 SYSTEMPATH\CodeIgniter.php(482): CodeIgniter\CodeIgniter->runController(Object(App\Controllers\Factura))
 9 SYSTEMPATH\CodeIgniter.php(351): CodeIgniter\CodeIgniter->handleRequest(null, Object(Config\Cache), false)
10 FCPATH\index.php(67): CodeIgniter\CodeIgniter->run()
CRITICAL - 2022-12-01 18:35:13 --> substr(): Passing null to parameter #1 ($string) of type string is deprecated
in APPPATH\Libraries\cfdi_sat\satxmlsv33.php on line 250.
 1 [internal function]: CodeIgniter\Debug\Exceptions->errorHandler(8192, 'substr(): Passing null to parameter #1 ($string) of type string is deprecated', 'APPPATH\\Libraries\\cfdi_sat\\satxmlsv33.php', 250)
 2 APPPATH\Libraries\cfdi_sat\satxmlsv33.php(250): substr(null, 0, 4)
 3 APPPATH\Libraries\cfdi_sat\satxmlsv33.php(82): GeneraXML->satxmlsv33_xml_fech(null)
 4 APPPATH\Libraries\cfdi_sat\satxmlsv33.php(39): GeneraXML->satxmlsv33_generales([...], 'ROOTPATH\\public', 'APPPATH\\Libraries\\cfdi_sat', 'ROOTPATH\\public')
 5 APPPATH\Libraries\cfdi_sat\satxmlsv33.php(27): GeneraXML->satxmlsv33_genera_xml([...], 'ROOTPATH\\public', 'APPPATH\\Libraries\\cfdi_sat', 'ROOTPATH\\public')
 6 APPPATH\Controllers\Factura.php(62): GeneraXML->satxmlsv33([...], 'ROOTPATH\\public', 'APPPATH\\Libraries\\cfdi_sat', 'ROOTPATH\\public')
 7 SYSTEMPATH\CodeIgniter.php(927): App\Controllers\Factura->facturar('22')
 8 SYSTEMPATH\CodeIgniter.php(482): CodeIgniter\CodeIgniter->runController(Object(App\Controllers\Factura))
 9 SYSTEMPATH\CodeIgniter.php(351): CodeIgniter\CodeIgniter->handleRequest(null, Object(Config\Cache), false)
10 FCPATH\index.php(67): CodeIgniter\CodeIgniter->run()
CRITICAL - 2022-12-01 18:43:36 --> substr(): Passing null to parameter #1 ($string) of type string is deprecated
in APPPATH\Libraries\cfdi_sat\satxmlsv33.php on line 250.
 1 [internal function]: CodeIgniter\Debug\Exceptions->errorHandler(8192, 'substr(): Passing null to parameter #1 ($string) of type string is deprecated', 'APPPATH\\Libraries\\cfdi_sat\\satxmlsv33.php', 250)
 2 APPPATH\Libraries\cfdi_sat\satxmlsv33.php(250): substr(null, 0, 4)
 3 APPPATH\Libraries\cfdi_sat\satxmlsv33.php(82): GeneraXML->satxmlsv33_xml_fech(null)
 4 APPPATH\Libraries\cfdi_sat\satxmlsv33.php(39): GeneraXML->satxmlsv33_generales([...], 'ROOTPATH\\public', 'APPPATH\\Libraries\\cfdi_sat', 'ROOTPATH\\public')
 5 APPPATH\Libraries\cfdi_sat\satxmlsv33.php(27): GeneraXML->satxmlsv33_genera_xml([...], 'ROOTPATH\\public', 'APPPATH\\Libraries\\cfdi_sat', 'ROOTPATH\\public')
 6 APPPATH\Controllers\Factura.php(62): GeneraXML->satxmlsv33([...], 'ROOTPATH\\public', 'APPPATH\\Libraries\\cfdi_sat', 'ROOTPATH\\public')
 7 SYSTEMPATH\CodeIgniter.php(927): App\Controllers\Factura->facturar('22')
 8 SYSTEMPATH\CodeIgniter.php(482): CodeIgniter\CodeIgniter->runController(Object(App\Controllers\Factura))
 9 SYSTEMPATH\CodeIgniter.php(351): CodeIgniter\CodeIgniter->handleRequest(null, Object(Config\Cache), false)
10 FCPATH\index.php(67): CodeIgniter\CodeIgniter->run()
CRITICAL - 2022-12-01 18:44:35 --> strlen(): Passing null to parameter #1 ($string) of type string is deprecated
in APPPATH\Libraries\cfdi_sat\satxmlsv33.php on line 232.
 1 APPPATH\Libraries\cfdi_sat\satxmlsv33.php(232): CodeIgniter\Debug\Exceptions->errorHandler(8192, 'strlen(): Passing null to parameter #1 ($string) of type string is deprecated', 'APPPATH\\Libraries\\cfdi_sat\\satxmlsv33.php', 232)
 2 APPPATH\Libraries\cfdi_sat\satxmlsv33.php(83): GeneraXML->satxmlsv33_cargaAtt(Object(DOMElement), [...])
 3 APPPATH\Libraries\cfdi_sat\satxmlsv33.php(39): GeneraXML->satxmlsv33_generales([...], 'ROOTPATH\\public', 'APPPATH\\Libraries\\cfdi_sat', 'ROOTPATH\\public')
 4 APPPATH\Libraries\cfdi_sat\satxmlsv33.php(27): GeneraXML->satxmlsv33_genera_xml([...], 'ROOTPATH\\public', 'APPPATH\\Libraries\\cfdi_sat', 'ROOTPATH\\public')
 5 APPPATH\Controllers\Factura.php(62): GeneraXML->satxmlsv33([...], 'ROOTPATH\\public', 'APPPATH\\Libraries\\cfdi_sat', 'ROOTPATH\\public')
 6 SYSTEMPATH\CodeIgniter.php(927): App\Controllers\Factura->facturar('22')
 7 SYSTEMPATH\CodeIgniter.php(482): CodeIgniter\CodeIgniter->runController(Object(App\Controllers\Factura))
 8 SYSTEMPATH\CodeIgniter.php(351): CodeIgniter\CodeIgniter->handleRequest(null, Object(Config\Cache), false)
 9 FCPATH\index.php(67): CodeIgniter\CodeIgniter->run()
CRITICAL - 2022-12-01 18:50:32 --> substr(): Passing null to parameter #1 ($string) of type string is deprecated
in APPPATH\Libraries\cfdi_sat\satxmlsv33.php on line 250.
 1 [internal function]: CodeIgniter\Debug\Exceptions->errorHandler(8192, 'substr(): Passing null to parameter #1 ($string) of type string is deprecated', 'APPPATH\\Libraries\\cfdi_sat\\satxmlsv33.php', 250)
 2 APPPATH\Libraries\cfdi_sat\satxmlsv33.php(250): substr(null, 0, 4)
 3 APPPATH\Libraries\cfdi_sat\satxmlsv33.php(82): GeneraXML->satxmlsv33_xml_fech(null)
 4 APPPATH\Libraries\cfdi_sat\satxmlsv33.php(39): GeneraXML->satxmlsv33_generales([...], 'ROOTPATH\\public', 'APPPATH\\Libraries\\cfdi_sat', 'ROOTPATH\\public')
 5 APPPATH\Libraries\cfdi_sat\satxmlsv33.php(27): GeneraXML->satxmlsv33_genera_xml([...], 'ROOTPATH\\public', 'APPPATH\\Libraries\\cfdi_sat', 'ROOTPATH\\public')
 6 APPPATH\Controllers\Factura.php(62): GeneraXML->satxmlsv33([...], 'ROOTPATH\\public', 'APPPATH\\Libraries\\cfdi_sat', 'ROOTPATH\\public')
 7 SYSTEMPATH\CodeIgniter.php(927): App\Controllers\Factura->facturar('22')
 8 SYSTEMPATH\CodeIgniter.php(482): CodeIgniter\CodeIgniter->runController(Object(App\Controllers\Factura))
 9 SYSTEMPATH\CodeIgniter.php(351): CodeIgniter\CodeIgniter->handleRequest(null, Object(Config\Cache), false)
10 FCPATH\index.php(67): CodeIgniter\CodeIgniter->run()
CRITICAL - 2022-12-01 18:54:35 --> substr(): Passing null to parameter #1 ($string) of type string is deprecated
in APPPATH\Libraries\cfdi_sat\satxmlsv33.php on line 250.
 1 [internal function]: CodeIgniter\Debug\Exceptions->errorHandler(8192, 'substr(): Passing null to parameter #1 ($string) of type string is deprecated', 'APPPATH\\Libraries\\cfdi_sat\\satxmlsv33.php', 250)
 2 APPPATH\Libraries\cfdi_sat\satxmlsv33.php(250): substr(null, 0, 4)
 3 APPPATH\Libraries\cfdi_sat\satxmlsv33.php(82): GeneraXML->satxmlsv33_xml_fech(null)
 4 APPPATH\Libraries\cfdi_sat\satxmlsv33.php(39): GeneraXML->satxmlsv33_generales([...], 'ROOTPATH\\public', 'APPPATH\\Libraries\\cfdi_sat', 'ROOTPATH\\public')
 5 APPPATH\Libraries\cfdi_sat\satxmlsv33.php(27): GeneraXML->satxmlsv33_genera_xml([...], 'ROOTPATH\\public', 'APPPATH\\Libraries\\cfdi_sat', 'ROOTPATH\\public')
 6 APPPATH\Controllers\Factura.php(62): GeneraXML->satxmlsv33([...], 'ROOTPATH\\public', 'APPPATH\\Libraries\\cfdi_sat', 'ROOTPATH\\public')
 7 SYSTEMPATH\CodeIgniter.php(927): App\Controllers\Factura->facturar('22')
 8 SYSTEMPATH\CodeIgniter.php(482): CodeIgniter\CodeIgniter->runController(Object(App\Controllers\Factura))
 9 SYSTEMPATH\CodeIgniter.php(351): CodeIgniter\CodeIgniter->handleRequest(null, Object(Config\Cache), false)
10 FCPATH\index.php(67): CodeIgniter\CodeIgniter->run()
CRITICAL - 2022-12-01 19:01:02 --> substr(): Passing null to parameter #1 ($string) of type string is deprecated
in APPPATH\Libraries\cfdi_sat\satxmlsv33.php on line 250.
 1 [internal function]: CodeIgniter\Debug\Exceptions->errorHandler(8192, 'substr(): Passing null to parameter #1 ($string) of type string is deprecated', 'APPPATH\\Libraries\\cfdi_sat\\satxmlsv33.php', 250)
 2 APPPATH\Libraries\cfdi_sat\satxmlsv33.php(250): substr(null, 0, 4)
 3 APPPATH\Libraries\cfdi_sat\satxmlsv33.php(82): GeneraXML->satxmlsv33_xml_fech(null)
 4 APPPATH\Libraries\cfdi_sat\satxmlsv33.php(39): GeneraXML->satxmlsv33_generales([...], 'ROOTPATH\\public', 'APPPATH\\Libraries\\cfdi_sat', 'ROOTPATH\\public')
 5 APPPATH\Libraries\cfdi_sat\satxmlsv33.php(27): GeneraXML->satxmlsv33_genera_xml([...], 'ROOTPATH\\public', 'APPPATH\\Libraries\\cfdi_sat', 'ROOTPATH\\public')
 6 APPPATH\Controllers\Factura.php(62): GeneraXML->satxmlsv33([...], 'ROOTPATH\\public', 'APPPATH\\Libraries\\cfdi_sat', 'ROOTPATH\\public')
 7 SYSTEMPATH\CodeIgniter.php(927): App\Controllers\Factura->facturar('24')
 8 SYSTEMPATH\CodeIgniter.php(482): CodeIgniter\CodeIgniter->runController(Object(App\Controllers\Factura))
 9 SYSTEMPATH\CodeIgniter.php(351): CodeIgniter\CodeIgniter->handleRequest(null, Object(Config\Cache), false)
10 FCPATH\index.php(67): CodeIgniter\CodeIgniter->run()
