CRITICAL - 2023-01-03 17:37:13 --> Function strftime() is deprecated
in APPPATH\Views\inicio.php on line 65.
 1 APPPATH\Views\inicio.php(65): CodeIgniter\Debug\Exceptions->errorHandler(8192, 'Function strftime() is deprecated', 'APPPATH\\Views\\inicio.php', 65)
 2 SYSTEMPATH\View\View.php(213): include('APPPATH\\Views\\inicio.php')
 3 SYSTEMPATH\View\View.php(216): CodeIgniter\View\View->CodeIgniter\View\{closure}()
 4 SYSTEMPATH\Common.php(1134): CodeIgniter\View\View->render('inicio', [], true)
 5 APPPATH\Controllers\Inicio.php(37): view('inicio', [...])
 6 SYSTEMPATH\CodeIgniter.php(927): App\Controllers\Inicio->index()
 7 SYSTEMPATH\CodeIgniter.php(482): CodeIgniter\CodeIgniter->runController(Object(App\Controllers\Inicio))
 8 SYSTEMPATH\CodeIgniter.php(351): CodeIgniter\CodeIgniter->handleRequest(null, Object(Config\Cache), false)
 9 FCPATH\index.php(67): CodeIgniter\CodeIgniter->run()
CRITICAL - 2023-01-03 17:37:47 --> Function strftime() is deprecated
in APPPATH\Views\inicio.php on line 65.
 1 APPPATH\Views\inicio.php(65): CodeIgniter\Debug\Exceptions->errorHandler(8192, 'Function strftime() is deprecated', 'APPPATH\\Views\\inicio.php', 65)
 2 SYSTEMPATH\View\View.php(213): include('APPPATH\\Views\\inicio.php')
 3 SYSTEMPATH\View\View.php(216): CodeIgniter\View\View->CodeIgniter\View\{closure}()
 4 SYSTEMPATH\Common.php(1134): CodeIgniter\View\View->render('inicio', [], true)
 5 APPPATH\Controllers\Inicio.php(37): view('inicio', [...])
 6 SYSTEMPATH\CodeIgniter.php(927): App\Controllers\Inicio->index()
 7 SYSTEMPATH\CodeIgniter.php(482): CodeIgniter\CodeIgniter->runController(Object(App\Controllers\Inicio))
 8 SYSTEMPATH\CodeIgniter.php(351): CodeIgniter\CodeIgniter->handleRequest(null, Object(Config\Cache), false)
 9 FCPATH\index.php(67): CodeIgniter\CodeIgniter->run()
CRITICAL - 2023-01-03 17:38:07 --> Function strftime() is deprecated
in APPPATH\Views\inicio.php on line 65.
 1 APPPATH\Views\inicio.php(65): CodeIgniter\Debug\Exceptions->errorHandler(8192, 'Function strftime() is deprecated', 'APPPATH\\Views\\inicio.php', 65)
 2 SYSTEMPATH\View\View.php(213): include('APPPATH\\Views\\inicio.php')
 3 SYSTEMPATH\View\View.php(216): CodeIgniter\View\View->CodeIgniter\View\{closure}()
 4 SYSTEMPATH\Common.php(1134): CodeIgniter\View\View->render('inicio', [], true)
 5 APPPATH\Controllers\Inicio.php(37): view('inicio', [...])
 6 SYSTEMPATH\CodeIgniter.php(927): App\Controllers\Inicio->index()
 7 SYSTEMPATH\CodeIgniter.php(482): CodeIgniter\CodeIgniter->runController(Object(App\Controllers\Inicio))
 8 SYSTEMPATH\CodeIgniter.php(351): CodeIgniter\CodeIgniter->handleRequest(null, Object(Config\Cache), false)
 9 FCPATH\index.php(67): CodeIgniter\CodeIgniter->run()
